Arguments: 
  C:\Program Files\nodejs\node.exe C:\Program Files\nodejs\node_modules\yarn\bin\yarn.js add --json @parcel/transformer-sass@2.9.3 -D -W

PATH: 
  C:\Users\kbrac\AppData\Local\Temp\yarn--1689108863722-0.16102812636630648;C:\Users\kbrac\Pictures\projects\catalyst\code\branch-bird\elop-catalyst\node_modules\.bin;C:\Users\kbrac\AppData\Local\Yarn\Data\link\node_modules\.bin;C:\Users\kbrac\AppData\Local\Yarn\bin;C:\Program Files\libexec\lib\node_modules\npm\bin\node-gyp-bin;C:\Program Files\lib\node_modules\npm\bin\node-gyp-bin;C:\Program Files\nodejs\node_modules\npm\bin\node-gyp-bin;;C:\Python39\Scripts\;C:\Python39\;C:\Windows\system32;C:\Windows;C:\Windows\System32\Wbem;C:\Windows\System32\WindowsPowerShell\v1.0\;C:\Windows\System32\OpenSSH\;C:\Program Files (x86)\NVIDIA Corporation\PhysX\Common;C:\Program Files\NVIDIA Corporation\NVIDIA NvDLISR;C:\WINDOWS\system32;C:\WINDOWS;C:\WINDOWS\System32\Wbem;C:\WINDOWS\System32\WindowsPowerShell\v1.0\;C:\WINDOWS\System32\OpenSSH\;C:\Program Files\Git\cmd;C:\ProgramData\chocolatey\bin;C:\Android;C:\Program Files\PuTTY\;C:\Program Files\dotnet\;C:\Users\kbrac\AppData\Roaming\nvm;C:\Program Files\nodejs;C:\wamp64\bin\php\php7.4.33;C:\ProgramData\ComposerSetup\bin;C:\tools\php82;;C:\Program Files\Docker\Docker\resources\bin;C:\Users\kbrac\AppData\Local\Microsoft\WindowsApps;C:\Users\kbrac\AppData\Local\Programs\Microsoft VS Code Insiders\bin;C:\Users\kbrac\AppData\Local\GitHubDesktop\bin;C:\Users\kbrac\AppData\Local\JetBrains\Toolbox\scripts;%NVM_HOME%;%NVM_SYMLINK%;C:\tools\dart-sdk\bin;C:\Users\kbrac\AppData\Roaming\Pub\Cache\bin;C:\Users\kbrac\AppData\Roaming\Composer\vendor\bin;c:\wp-cli;C:\MAMP\conf\php8.1.0;;C:\Users\kbrac\AppData\Roaming\sh.loft.devpod\bin

Yarn version: 
  1.22.19

Node version: 
  20.4.0

Platform: 
  win32 x64

Trace: 
  Error: EPERM: operation not permitted, unlink 'C:\Users\kbrac\Pictures\projects\catalyst\code\branch-bird\elop-catalyst\node_modules\@msgpackr-extract\msgpackr-extract-win32-x64\node.napi.node'

npm manifest: 
  {
      "name": "kj-boilerplate",
      "browserslist": "> 0.5%, last 2 versions, not dead",
      "version": "1.0.1",
      "source": "src/index.html",
      "web": "dist/index.html",
      "license": "private",
      "private": true,
      "type": "module",
      "targets": {
          "web": {
              "context": "browser",
              "publicUrl": "./"
          }
      },
      "scripts": {
          "clear-cache": "rm -rf .parcel-cache || rmdir /s /q .parcel-cache",
          "watch": "parcel watch",
          "start": "parcel ./src/index.html --target web --open --no-cache",
          "build": "parcel build ./src/index.html --target web"
      },
      "devDependencies": {
          "parcel": "latest",
          "postcss": "^8.0.0",
          "postcss-custom-properties": "^13.2.1",
          "postcss-import": "^15.1.0",
          "postcss-modules": "^4.3.0",
          "postcss-url": "^10.1.3",
          "typescript": "^4.9.4"
      },
      "dependencies": {
          "@parcel/resolver-glob": "^2.9.3",
          "autoprefixer": "^10.4.13",
          "yarn": "^1.22.19"
      }
  }

yarn manifest: 
  No manifest

Lockfile: 
  # THIS IS AN AUTOGENERATED FILE. DO NOT EDIT THIS FILE DIRECTLY.
  # yarn lockfile v1
  
  
  "@babel/code-frame@^7.0.0":
    version "7.22.5"
    resolved "https://registry.npmjs.org/@babel/code-frame/-/code-frame-7.22.5.tgz"
    integrity sha512-Xmwn266vad+6DAqEB2A6V/CcZVp62BbwVmcOJc2RPuwih1kw02TjQvWVWlcKGbBPd+8/0V5DEkOcizRGYsspYQ==
    dependencies:
      "@babel/highlight" "^7.22.5"
  
  "@babel/helper-validator-identifier@^7.22.5":
    version "7.22.5"
    resolved "https://registry.npmjs.org/@babel/helper-validator-identifier/-/helper-validator-identifier-7.22.5.tgz"
    integrity sha512-aJXu+6lErq8ltp+JhkJUfk1MTGyuA4v7f3pA+BJ5HLfNC6nAQ0Cpi9uOquUj8Hehg0aUiHzWQbOVJGao6ztBAQ==
  
  "@babel/highlight@^7.22.5":
    version "7.22.5"
    resolved "https://registry.npmjs.org/@babel/highlight/-/highlight-7.22.5.tgz"
    integrity sha512-BSKlD1hgnedS5XRnGOljZawtag7H1yPfQp0tdNJCHoH6AZ+Pcm9VvkrK59/Yy593Ypg0zMxH2BxD1VPYUQ7UIw==
    dependencies:
      "@babel/helper-validator-identifier" "^7.22.5"
      chalk "^2.0.0"
      js-tokens "^4.0.0"
  
  "@csstools/cascade-layer-name-parser@^1.0.3":
    version "1.0.3"
    resolved "https://registry.npmjs.org/@csstools/cascade-layer-name-parser/-/cascade-layer-name-parser-1.0.3.tgz"
    integrity sha512-ks9ysPP8012j90EQCCFtDsQIXOTCOpTQFIyyoRku06y8CXtUQ+8bXI8KVm9Q9ovwDUVthWuWKZWJD3u1rwnEfw==
  
  "@csstools/css-parser-algorithms@^2.3.0":
    version "2.3.0"
    resolved "https://registry.npmjs.org/@csstools/css-parser-algorithms/-/css-parser-algorithms-2.3.0.tgz"
    integrity sha512-dTKSIHHWc0zPvcS5cqGP+/TPFUJB0ekJ9dGKvMAFoNuBFhDPBt9OMGNZiIA5vTiNdGHHBeScYPXIGBMnVOahsA==
  
  "@csstools/css-tokenizer@^2.1.1":
    version "2.1.1"
    resolved "https://registry.npmjs.org/@csstools/css-tokenizer/-/css-tokenizer-2.1.1.tgz"
    integrity sha512-GbrTj2Z8MCTUv+52GE0RbFGM527xuXZ0Xa5g0Z+YN573uveS4G0qi6WNOMyz3yrFM/jaILTTwJ0+umx81EzqfA==
  
  "@lezer/common@^0.15.0", "@lezer/common@^0.15.7":
    version "0.15.12"
    resolved "https://registry.npmjs.org/@lezer/common/-/common-0.15.12.tgz"
    integrity sha512-edfwCxNLnzq5pBA/yaIhwJ3U3Kz8VAUOTRg0hhxaizaI1N+qxV7EXDv/kLCkLeq2RzSFvxexlaj5Mzfn2kY0Ig==
  
  "@lezer/lr@^0.15.4":
    version "0.15.8"
    resolved "https://registry.npmjs.org/@lezer/lr/-/lr-0.15.8.tgz"
    integrity sha512-bM6oE6VQZ6hIFxDNKk8bKPa14hqFrV07J/vHGOeiAbJReIaQXmkVb6xQu4MR+JBTLa5arGRyAAjJe1qaQt3Uvg==
    dependencies:
      "@lezer/common" "^0.15.0"
  
  "@lmdb/lmdb-win32-x64@2.5.2":
    version "2.5.2"
    resolved "https://registry.npmjs.org/@lmdb/lmdb-win32-x64/-/lmdb-win32-x64-2.5.2.tgz"
    integrity sha512-zrBczSbXKxEyK2ijtbRdICDygRqWSRPpZMN5dD1T8VMEW5RIhIbwFWw2phDRXuBQdVDpSjalCIUMWMV2h3JaZA==
  
  "@lmdb/lmdb-win32-x64@2.7.11":
    version "2.7.11"
    resolved "https://registry.npmjs.org/@lmdb/lmdb-win32-x64/-/lmdb-win32-x64-2.7.11.tgz"
    integrity sha512-BJwkHlSUgtB+Ei52Ai32M1AOMerSlzyIGA/KC4dAGL+GGwVMdwG8HGCOA2TxP3KjhbgDPMYkv7bt/NmOmRIFng==
  
  "@mischnic/json-sourcemap@^0.1.0":
    version "0.1.0"
    resolved "https://registry.npmjs.org/@mischnic/json-sourcemap/-/json-sourcemap-0.1.0.tgz"
    integrity sha512-dQb3QnfNqmQNYA4nFSN/uLaByIic58gOXq4Y4XqLOWmOrw73KmJPt/HLyG0wvn1bnR6mBKs/Uwvkh+Hns1T0XA==
    dependencies:
      "@lezer/common" "^0.15.7"
      "@lezer/lr" "^0.15.4"
      json5 "^2.2.1"
  
  "@msgpackr-extract/msgpackr-extract-win32-x64@3.0.2":
    version "3.0.2"
    resolved "https://registry.npmjs.org/@msgpackr-extract/msgpackr-extract-win32-x64/-/msgpackr-extract-win32-x64-3.0.2.tgz"
    integrity sha512-O+6Gs8UeDbyFpbSh2CPEz/UOrrdWPTBYNblZK5CxxLisYt4kGX3Sc+czffFonyjiGSq3jWLwJS/CCJc7tBr4sQ==
  
  "@parcel/bundler-default@2.9.3":
    version "2.9.3"
    resolved "https://registry.npmjs.org/@parcel/bundler-default/-/bundler-default-2.9.3.tgz"
    integrity sha512-JjJK8dq39/UO/MWI/4SCbB1t/qgpQRFnFDetAAAezQ8oN++b24u1fkMDa/xqQGjbuPmGeTds5zxGgYs7id7PYg==
    dependencies:
      "@parcel/diagnostic" "2.9.3"
      "@parcel/graph" "2.9.3"
      "@parcel/hash" "2.9.3"
      "@parcel/plugin" "2.9.3"
      "@parcel/utils" "2.9.3"
      nullthrows "^1.1.1"
  
  "@parcel/cache@2.8.2":
    version "2.8.2"
    resolved "https://registry.npmjs.org/@parcel/cache/-/cache-2.8.2.tgz"
    integrity sha512-kiyoOgh1RXp5qp+wlb8Pi/Z7o9D82Oj5RlHnKSAauyR7jgnI8Vq8JTeBmlLqrf+kHxcDcp2p86hidSeANhlQNg==
    dependencies:
      "@parcel/fs" "2.8.2"
      "@parcel/logger" "2.8.2"
      "@parcel/utils" "2.8.2"
      lmdb "2.5.2"
  
  "@parcel/cache@2.9.3":
    version "2.9.3"
    resolved "https://registry.npmjs.org/@parcel/cache/-/cache-2.9.3.tgz"
    integrity sha512-Bj/H2uAJJSXtysG7E/x4EgTrE2hXmm7td/bc97K8M9N7+vQjxf7xb0ebgqe84ePVMkj4MVQSMEJkEucXVx4b0Q==
    dependencies:
      "@parcel/fs" "2.9.3"
      "@parcel/logger" "2.9.3"
      "@parcel/utils" "2.9.3"
      lmdb "2.7.11"
  
  "@parcel/codeframe@2.8.2":
    version "2.8.2"
    resolved "https://registry.npmjs.org/@parcel/codeframe/-/codeframe-2.8.2.tgz"
    integrity sha512-U2GT9gq1Zs3Gr83j8JIs10bLbGOHFl57Y8D57nrdR05F4iilV/UR6K7jkhdoiFc9WiHh3ewvrko5+pSdAVFPgQ==
    dependencies:
      chalk "^4.1.0"
  
  "@parcel/codeframe@2.9.3":
    version "2.9.3"
    resolved "https://registry.npmjs.org/@parcel/codeframe/-/codeframe-2.9.3.tgz"
    integrity sha512-z7yTyD6h3dvduaFoHpNqur74/2yDWL++33rjQjIjCaXREBN6dKHoMGMizzo/i4vbiI1p9dDox2FIDEHCMQxqdA==
    dependencies:
      chalk "^4.1.0"
  
  "@parcel/compressor-raw@2.9.3":
    version "2.9.3"
    resolved "https://registry.npmjs.org/@parcel/compressor-raw/-/compressor-raw-2.9.3.tgz"
    integrity sha512-jz3t4/ICMsHEqgiTmv5i1DJva2k5QRpZlBELVxfY+QElJTVe8edKJ0TiKcBxh2hx7sm4aUigGmp7JiqqHRRYmA==
    dependencies:
      "@parcel/plugin" "2.9.3"
  
  "@parcel/config-default@2.9.3":
    version "2.9.3"
    resolved "https://registry.npmjs.org/@parcel/config-default/-/config-default-2.9.3.tgz"
    integrity sha512-tqN5tF7QnVABDZAu76co5E6N8mA9n8bxiWdK4xYyINYFIEHgX172oRTqXTnhEMjlMrdmASxvnGlbaPBaVnrCTw==
    dependencies:
      "@parcel/bundler-default" "2.9.3"
      "@parcel/compressor-raw" "2.9.3"
      "@parcel/namer-default" "2.9.3"
      "@parcel/optimizer-css" "2.9.3"
      "@parcel/optimizer-htmlnano" "2.9.3"
      "@parcel/optimizer-image" "2.9.3"
      "@parcel/optimizer-svgo" "2.9.3"
      "@parcel/optimizer-swc" "2.9.3"
      "@parcel/packager-css" "2.9.3"
      "@parcel/packager-html" "2.9.3"
      "@parcel/packager-js" "2.9.3"
      "@parcel/packager-raw" "2.9.3"
      "@parcel/packager-svg" "2.9.3"
      "@parcel/reporter-dev-server" "2.9.3"
      "@parcel/resolver-default" "2.9.3"
      "@parcel/runtime-browser-hmr" "2.9.3"
      "@parcel/runtime-js" "2.9.3"
      "@parcel/runtime-react-refresh" "2.9.3"
      "@parcel/runtime-service-worker" "2.9.3"
      "@parcel/transformer-babel" "2.9.3"
      "@parcel/transformer-css" "2.9.3"
      "@parcel/transformer-html" "2.9.3"
      "@parcel/transformer-image" "2.9.3"
      "@parcel/transformer-js" "2.9.3"
      "@parcel/transformer-json" "2.9.3"
      "@parcel/transformer-postcss" "2.9.3"
      "@parcel/transformer-posthtml" "2.9.3"
      "@parcel/transformer-raw" "2.9.3"
      "@parcel/transformer-react-refresh-wrap" "2.9.3"
      "@parcel/transformer-svg" "2.9.3"
  
  "@parcel/core@^2.8.2", "@parcel/core@^2.9.3", "@parcel/core@2.9.3":
    version "2.9.3"
    resolved "https://registry.npmjs.org/@parcel/core/-/core-2.9.3.tgz"
    integrity sha512-4KlM1Zr/jpsqWuMXr2zmGsaOUs1zMMFh9vfCNKRZkptf+uk8I3sugHbNdo+F5B+4e2yMuOEb1zgAmvJLeuH6ww==
    dependencies:
      "@mischnic/json-sourcemap" "^0.1.0"
      "@parcel/cache" "2.9.3"
      "@parcel/diagnostic" "2.9.3"
      "@parcel/events" "2.9.3"
      "@parcel/fs" "2.9.3"
      "@parcel/graph" "2.9.3"
      "@parcel/hash" "2.9.3"
      "@parcel/logger" "2.9.3"
      "@parcel/package-manager" "2.9.3"
      "@parcel/plugin" "2.9.3"
      "@parcel/profiler" "2.9.3"
      "@parcel/source-map" "^2.1.1"
      "@parcel/types" "2.9.3"
      "@parcel/utils" "2.9.3"
      "@parcel/workers" "2.9.3"
      abortcontroller-polyfill "^1.1.9"
      base-x "^3.0.8"
      browserslist "^4.6.6"
      clone "^2.1.1"
      dotenv "^7.0.0"
      dotenv-expand "^5.1.0"
      json5 "^2.2.0"
      msgpackr "^1.5.4"
      nullthrows "^1.1.1"
      semver "^7.5.2"
  
  "@parcel/diagnostic@2.8.2":
    version "2.8.2"
    resolved "https://registry.npmjs.org/@parcel/diagnostic/-/diagnostic-2.8.2.tgz"
    integrity sha512-tGSMwM2rSYLjJW0fCd9gb3tNjfCX/83PZ10/5u2E33UZVkk8OIHsQmsrtq2H2g4oQL3rFxkfEx6nGPDGHwlx7A==
    dependencies:
      "@mischnic/json-sourcemap" "^0.1.0"
      nullthrows "^1.1.1"
  
  "@parcel/diagnostic@2.9.3":
    version "2.9.3"
    resolved "https://registry.npmjs.org/@parcel/diagnostic/-/diagnostic-2.9.3.tgz"
    integrity sha512-6jxBdyB3D7gP4iE66ghUGntWt2v64E6EbD4AetZk+hNJpgudOOPsKTovcMi/i7I4V0qD7WXSF4tvkZUoac0jwA==
    dependencies:
      "@mischnic/json-sourcemap" "^0.1.0"
      nullthrows "^1.1.1"
  
  "@parcel/events@2.8.2":
    version "2.8.2"
    resolved "https://registry.npmjs.org/@parcel/events/-/events-2.8.2.tgz"
    integrity sha512-o5etrsKm16y8iRPnjtEBNy4lD0WAigD66yt/RZl9Rx0vPVDly/63Rr9+BrXWVW7bJ7x0S0VVpWW4j3f/qZOsXg==
  
  "@parcel/events@2.9.3":
    version "2.9.3"
    resolved "https://registry.npmjs.org/@parcel/events/-/events-2.9.3.tgz"
    integrity sha512-K0Scx+Bx9f9p1vuShMzNwIgiaZUkxEnexaKYHYemJrM7pMAqxIuIqhnvwurRCsZOVLUJPDDNJ626cWTc5vIq+A==
  
  "@parcel/fs-search@2.8.2":
    version "2.8.2"
    resolved "https://registry.npmjs.org/@parcel/fs-search/-/fs-search-2.8.2.tgz"
    integrity sha512-ovQnupRm/MoE/tbgH0Ivknk0QYenXAewjcog+T5umDmUlTmnIRZjURrgDf5Xtw8T/CD5Xv+HmIXpJ9Ez/LzJpw==
    dependencies:
      detect-libc "^1.0.3"
  
  "@parcel/fs-search@2.9.3":
    version "2.9.3"
    resolved "https://registry.npmjs.org/@parcel/fs-search/-/fs-search-2.9.3.tgz"
    integrity sha512-nsNz3bsOpwS+jphcd+XjZL3F3PDq9lik0O8HPm5f6LYkqKWT+u/kgQzA8OkAHCR3q96LGiHxUywHPEBc27vI4Q==
  
  "@parcel/fs@2.8.2":
    version "2.8.2"
    resolved "https://registry.npmjs.org/@parcel/fs/-/fs-2.8.2.tgz"
    integrity sha512-aN8znbMndSqn1xwZEmMblzqmJsxcExv2jKLl/a9RUHAP7LaPYcPZIykDL3YwGCiKTCzjmRpXnNoyosjFFeBaHA==
    dependencies:
      "@parcel/fs-search" "2.8.2"
      "@parcel/types" "2.8.2"
      "@parcel/utils" "2.8.2"
      "@parcel/watcher" "^2.0.7"
      "@parcel/workers" "2.8.2"
  
  "@parcel/fs@2.9.3":
    version "2.9.3"
    resolved "https://registry.npmjs.org/@parcel/fs/-/fs-2.9.3.tgz"
    integrity sha512-/PrRKgCRw22G7rNPSpgN3Q+i2nIkZWuvIOAdMG4KWXC4XLp8C9jarNaWd5QEQ75amjhQSl3oUzABzkdCtkKrgg==
    dependencies:
      "@parcel/fs-search" "2.9.3"
      "@parcel/types" "2.9.3"
      "@parcel/utils" "2.9.3"
      "@parcel/watcher" "^2.0.7"
      "@parcel/workers" "2.9.3"
  
  "@parcel/graph@2.9.3":
    version "2.9.3"
    resolved "https://registry.npmjs.org/@parcel/graph/-/graph-2.9.3.tgz"
    integrity sha512-3LmRJmF8+OprAr6zJT3X2s8WAhLKkrhi6RsFlMWHifGU5ED1PFcJWFbOwJvSjcAhMQJP0fErcFIK1Ludv3Vm3g==
    dependencies:
      nullthrows "^1.1.1"
  
  "@parcel/hash@2.8.2":
    version "2.8.2"
    resolved "https://registry.npmjs.org/@parcel/hash/-/hash-2.8.2.tgz"
    integrity sha512-NBnP8Hu0xvAqAfZXRaMM66i8nJyxpKS86BbhwkbgTGbwO1OY87GERliHeREJfcER0E0ZzwNow7MNR8ZDm6IvJQ==
    dependencies:
      detect-libc "^1.0.3"
      xxhash-wasm "^0.4.2"
  
  "@parcel/hash@2.9.3":
    version "2.9.3"
    resolved "https://registry.npmjs.org/@parcel/hash/-/hash-2.9.3.tgz"
    integrity sha512-qlH5B85XLzVAeijgKPjm1gQu35LoRYX/8igsjnN8vOlbc3O8BYAUIutU58fbHbtE8MJPbxQQUw7tkTjeoujcQQ==
    dependencies:
      xxhash-wasm "^0.4.2"
  
  "@parcel/logger@2.8.2":
    version "2.8.2"
    resolved "https://registry.npmjs.org/@parcel/logger/-/logger-2.8.2.tgz"
    integrity sha512-zlhK6QHxfFJMlVJxxcCw0xxBDrYPFPOhMxSD6p6b0z9Yct1l3NdpmfabgjKX8wnZmHokFsil6daleM+M80n2Ew==
    dependencies:
      "@parcel/diagnostic" "2.8.2"
      "@parcel/events" "2.8.2"
  
  "@parcel/logger@2.9.3":
    version "2.9.3"
    resolved "https://registry.npmjs.org/@parcel/logger/-/logger-2.9.3.tgz"
    integrity sha512-5FNBszcV6ilGFcijEOvoNVG6IUJGsnMiaEnGQs7Fvc1dktTjEddnoQbIYhcSZL63wEmzBZOgkT5yDMajJ/41jw==
    dependencies:
      "@parcel/diagnostic" "2.9.3"
      "@parcel/events" "2.9.3"
  
  "@parcel/markdown-ansi@2.8.2":
    version "2.8.2"
    resolved "https://registry.npmjs.org/@parcel/markdown-ansi/-/markdown-ansi-2.8.2.tgz"
    integrity sha512-5y29TXgRgG0ybuXaDsDk4Aofg/nDUeAAyVl9/toYCDDhxpQV4yZt8WNPu4PaNYKGLuNgXwsmz+ryZQHGmfbAIQ==
    dependencies:
      chalk "^4.1.0"
  
  "@parcel/markdown-ansi@2.9.3":
    version "2.9.3"
    resolved "https://registry.npmjs.org/@parcel/markdown-ansi/-/markdown-ansi-2.9.3.tgz"
    integrity sha512-/Q4X8F2aN8UNjAJrQ5NfK2OmZf6shry9DqetUSEndQ0fHonk78WKt6LT0zSKEBEW/bB/bXk6mNMsCup6L8ibjQ==
    dependencies:
      chalk "^4.1.0"
  
  "@parcel/namer-default@2.9.3":
    version "2.9.3"
    resolved "https://registry.npmjs.org/@parcel/namer-default/-/namer-default-2.9.3.tgz"
    integrity sha512-1ynFEcap48/Ngzwwn318eLYpLUwijuuZoXQPCsEQ21OOIOtfhFQJaPwXTsw6kRitshKq76P2aafE0BioGSqxcA==
    dependencies:
      "@parcel/diagnostic" "2.9.3"
      "@parcel/plugin" "2.9.3"
      nullthrows "^1.1.1"
  
  "@parcel/node-resolver-core@3.0.3":
    version "3.0.3"
    resolved "https://registry.npmjs.org/@parcel/node-resolver-core/-/node-resolver-core-3.0.3.tgz"
    integrity sha512-AjxNcZVHHJoNT/A99PKIdFtwvoze8PAiC3yz8E/dRggrDIOboUEodeQYV5Aq++aK76uz/iOP0tST2T8A5rhb1A==
    dependencies:
      "@mischnic/json-sourcemap" "^0.1.0"
      "@parcel/diagnostic" "2.9.3"
      "@parcel/fs" "2.9.3"
      "@parcel/utils" "2.9.3"
      nullthrows "^1.1.1"
      semver "^7.5.2"
  
  "@parcel/optimizer-css@2.9.3":
    version "2.9.3"
    resolved "https://registry.npmjs.org/@parcel/optimizer-css/-/optimizer-css-2.9.3.tgz"
    integrity sha512-RK1QwcSdWDNUsFvuLy0hgnYKtPQebzCb0vPPzqs6LhL+vqUu9utOyRycGaQffHCkHVQP6zGlN+KFssd7YtFGhA==
    dependencies:
      "@parcel/diagnostic" "2.9.3"
      "@parcel/plugin" "2.9.3"
      "@parcel/source-map" "^2.1.1"
      "@parcel/utils" "2.9.3"
      browserslist "^4.6.6"
      lightningcss "^1.16.1"
      nullthrows "^1.1.1"
  
  "@parcel/optimizer-htmlnano@2.9.3":
    version "2.9.3"
    resolved "https://registry.npmjs.org/@parcel/optimizer-htmlnano/-/optimizer-htmlnano-2.9.3.tgz"
    integrity sha512-9g/KBck3c6DokmJfvJ5zpHFBiCSolaGrcsTGx8C3YPdCTVTI9P1TDCwUxvAr4LjpcIRSa82wlLCI+nF6sSgxKA==
    dependencies:
      "@parcel/plugin" "2.9.3"
      htmlnano "^2.0.0"
      nullthrows "^1.1.1"
      posthtml "^0.16.5"
      svgo "^2.4.0"
  
  "@parcel/optimizer-image@2.9.3":
    version "2.9.3"
    resolved "https://registry.npmjs.org/@parcel/optimizer-image/-/optimizer-image-2.9.3.tgz"
    integrity sha512-530YzthE7kmecnNhPbkAK+26yQNt69pfJrgE0Ev0BZaM1Wu2+33nki7o8qvkTkikhPrurEJLGIXt1qKmbKvCbA==
    dependencies:
      "@parcel/diagnostic" "2.9.3"
      "@parcel/plugin" "2.9.3"
      "@parcel/utils" "2.9.3"
      "@parcel/workers" "2.9.3"
  
  "@parcel/optimizer-svgo@2.9.3":
    version "2.9.3"
    resolved "https://registry.npmjs.org/@parcel/optimizer-svgo/-/optimizer-svgo-2.9.3.tgz"
    integrity sha512-ytQS0wY5JJhWU4mL0wfhYDUuHcfuw+Gy2+JcnTm1t1AZXHlOTbU6EzRWNqBShsgXjvdrQQXizAe3B6GFFlFJVQ==
    dependencies:
      "@parcel/diagnostic" "2.9.3"
      "@parcel/plugin" "2.9.3"
      "@parcel/utils" "2.9.3"
      svgo "^2.4.0"
  
  "@parcel/optimizer-swc@2.9.3":
    version "2.9.3"
    resolved "https://registry.npmjs.org/@parcel/optimizer-swc/-/optimizer-swc-2.9.3.tgz"
    integrity sha512-GQINNeqtdpL1ombq/Cpwi6IBk02wKJ/JJbYbyfHtk8lxlq13soenpwOlzJ5T9D2fdG+FUhai9NxpN5Ss4lNoAg==
    dependencies:
      "@parcel/diagnostic" "2.9.3"
      "@parcel/plugin" "2.9.3"
      "@parcel/source-map" "^2.1.1"
      "@parcel/utils" "2.9.3"
      "@swc/core" "^1.3.36"
      nullthrows "^1.1.1"
  
  "@parcel/package-manager@2.8.2":
    version "2.8.2"
    resolved "https://registry.npmjs.org/@parcel/package-manager/-/package-manager-2.8.2.tgz"
    integrity sha512-hx4Imi0yhsSS0aNZkEANPYNNKqBuR63EUNWSxMyHh4ZOvbHoOXnMn1ySGdx6v0oi9HvKymNsLMQ1T5CuI4l4Bw==
    dependencies:
      "@parcel/diagnostic" "2.8.2"
      "@parcel/fs" "2.8.2"
      "@parcel/logger" "2.8.2"
      "@parcel/types" "2.8.2"
      "@parcel/utils" "2.8.2"
      "@parcel/workers" "2.8.2"
      semver "^5.7.1"
  
  "@parcel/package-manager@2.9.3":
    version "2.9.3"
    resolved "https://registry.npmjs.org/@parcel/package-manager/-/package-manager-2.9.3.tgz"
    integrity sha512-NH6omcNTEupDmW4Lm1e4NUYBjdqkURxgZ4CNESESInHJe6tblVhNB8Rpr1ar7zDar7cly9ILr8P6N3Ei7bTEjg==
    dependencies:
      "@parcel/diagnostic" "2.9.3"
      "@parcel/fs" "2.9.3"
      "@parcel/logger" "2.9.3"
      "@parcel/node-resolver-core" "3.0.3"
      "@parcel/types" "2.9.3"
      "@parcel/utils" "2.9.3"
      "@parcel/workers" "2.9.3"
      semver "^7.5.2"
  
  "@parcel/packager-css@2.9.3":
    version "2.9.3"
    resolved "https://registry.npmjs.org/@parcel/packager-css/-/packager-css-2.9.3.tgz"
    integrity sha512-mePiWiYZOULY6e1RdAIJyRoYqXqGci0srOaVZYaP7mnrzvJgA63kaZFFsDiEWghunQpMUuUjM2x/vQVHzxmhKQ==
    dependencies:
      "@parcel/diagnostic" "2.9.3"
      "@parcel/plugin" "2.9.3"
      "@parcel/source-map" "^2.1.1"
      "@parcel/utils" "2.9.3"
      nullthrows "^1.1.1"
  
  "@parcel/packager-html@2.9.3":
    version "2.9.3"
    resolved "https://registry.npmjs.org/@parcel/packager-html/-/packager-html-2.9.3.tgz"
    integrity sha512-0Ex+O0EaZf9APNERRNGgGto02hFJ6f5RQEvRWBK55WAV1rXeU+kpjC0c0qZvnUaUtXfpWMsEBkevJCwDkUMeMg==
    dependencies:
      "@parcel/plugin" "2.9.3"
      "@parcel/types" "2.9.3"
      "@parcel/utils" "2.9.3"
      nullthrows "^1.1.1"
      posthtml "^0.16.5"
  
  "@parcel/packager-js@2.9.3":
    version "2.9.3"
    resolved "https://registry.npmjs.org/@parcel/packager-js/-/packager-js-2.9.3.tgz"
    integrity sha512-V5xwkoE3zQ3R+WqAWhA1KGQ791FvJeW6KonOlMI1q76Djjgox68hhObqcLu66AmYNhR2R/wUpkP18hP2z8dSFw==
    dependencies:
      "@parcel/diagnostic" "2.9.3"
      "@parcel/hash" "2.9.3"
      "@parcel/plugin" "2.9.3"
      "@parcel/source-map" "^2.1.1"
      "@parcel/utils" "2.9.3"
      globals "^13.2.0"
      nullthrows "^1.1.1"
  
  "@parcel/packager-raw@2.9.3":
    version "2.9.3"
    resolved "https://registry.npmjs.org/@parcel/packager-raw/-/packager-raw-2.9.3.tgz"
    integrity sha512-oPQTNoYanQ2DdJyL61uPYK2py83rKOT8YVh2QWAx0zsSli6Kiy64U3+xOCYWgDVCrHw9+9NpQMuAdSiFg4cq8g==
    dependencies:
      "@parcel/plugin" "2.9.3"
  
  "@parcel/packager-svg@2.9.3":
    version "2.9.3"
    resolved "https://registry.npmjs.org/@parcel/packager-svg/-/packager-svg-2.9.3.tgz"
    integrity sha512-p/Ya6UO9DAkaCUFxfFGyeHZDp9YPAlpdnh1OChuwqSFOXFjjeXuoK4KLT+ZRalVBo2Jo8xF70oKMZw4MVvaL7Q==
    dependencies:
      "@parcel/plugin" "2.9.3"
      "@parcel/types" "2.9.3"
      "@parcel/utils" "2.9.3"
      posthtml "^0.16.4"
  
  "@parcel/plugin@2.8.2":
    version "2.8.2"
    resolved "https://registry.npmjs.org/@parcel/plugin/-/plugin-2.8.2.tgz"
    integrity sha512-YG7TWfKsoNm72jbz3b3TLec0qJHVkuAWSzGzowdIhX37cP1kRfp6BU2VcH+qYPP/KYJLzhcZa9n3by147mGcxw==
    dependencies:
      "@parcel/types" "2.8.2"
  
  "@parcel/plugin@2.9.3":
    version "2.9.3"
    resolved "https://registry.npmjs.org/@parcel/plugin/-/plugin-2.9.3.tgz"
    integrity sha512-qN85Gqr2GMuxX1dT1mnuO9hOcvlEv1lrYrCxn7CJN2nUhbwcfG+LEvcrCzCOJ6XtIHm+ZBV9h9p7FfoPLvpw+g==
    dependencies:
      "@parcel/types" "2.9.3"
  
  "@parcel/profiler@2.9.3":
    version "2.9.3"
    resolved "https://registry.npmjs.org/@parcel/profiler/-/profiler-2.9.3.tgz"
    integrity sha512-pyHc9lw8VZDfgZoeZWZU9J0CVEv1Zw9O5+e0DJPDPHuXJYr72ZAOhbljtU3owWKAeW+++Q2AZWkbUGEOjI/e6g==
    dependencies:
      "@parcel/diagnostic" "2.9.3"
      "@parcel/events" "2.9.3"
      chrome-trace-event "^1.0.2"
  
  "@parcel/reporter-cli@2.9.3":
    version "2.9.3"
    resolved "https://registry.npmjs.org/@parcel/reporter-cli/-/reporter-cli-2.9.3.tgz"
    integrity sha512-pZiEvQpuXFuQBafMHxkDmwH8CnnK9sWHwa3bSbsnt385aUahtE8dpY0LKt+K1zfB6degKoczN6aWVj9WycQuZQ==
    dependencies:
      "@parcel/plugin" "2.9.3"
      "@parcel/types" "2.9.3"
      "@parcel/utils" "2.9.3"
      chalk "^4.1.0"
      term-size "^2.2.1"
  
  "@parcel/reporter-dev-server@2.9.3":
    version "2.9.3"
    resolved "https://registry.npmjs.org/@parcel/reporter-dev-server/-/reporter-dev-server-2.9.3.tgz"
    integrity sha512-s6eboxdLEtRSvG52xi9IiNbcPKC0XMVmvTckieue2EqGDbDcaHQoHmmwkk0rNq0/Z/UxelGcQXoIYC/0xq3ykQ==
    dependencies:
      "@parcel/plugin" "2.9.3"
      "@parcel/utils" "2.9.3"
  
  "@parcel/reporter-tracer@2.9.3":
    version "2.9.3"
    resolved "https://registry.npmjs.org/@parcel/reporter-tracer/-/reporter-tracer-2.9.3.tgz"
    integrity sha512-9cXpKWk0m6d6d+4+TlAdOe8XIPaFEIKGWMWG+5SFAQE08u3olet4PSvd49F4+ZZo5ftRE7YI3j6xNbXvJT8KGw==
    dependencies:
      "@parcel/plugin" "2.9.3"
      "@parcel/utils" "2.9.3"
      chrome-trace-event "^1.0.3"
      nullthrows "^1.1.1"
  
  "@parcel/resolver-default@2.9.3":
    version "2.9.3"
    resolved "https://registry.npmjs.org/@parcel/resolver-default/-/resolver-default-2.9.3.tgz"
    integrity sha512-8ESJk1COKvDzkmOnppNXoDamNMlYVIvrKc2RuFPmp8nKVj47R6NwMgvwxEaatyPzvkmyTpq5RvG9I3HFc+r4Cw==
    dependencies:
      "@parcel/node-resolver-core" "3.0.3"
      "@parcel/plugin" "2.9.3"
  
  "@parcel/resolver-glob@^2.9.3":
    version "2.9.3"
    resolved "https://registry.npmjs.org/@parcel/resolver-glob/-/resolver-glob-2.9.3.tgz"
    integrity sha512-Yx6iUL92EJQOiSrGFmlHW0sGnoJBbnzDNzNRfcW+PIOYdKr1Z5YNYiwJ0hMp5Hs02jVdFRqnj+YzeFDc11KqnA==
    dependencies:
      "@parcel/diagnostic" "2.9.3"
      "@parcel/node-resolver-core" "3.0.3"
      "@parcel/plugin" "2.9.3"
      "@parcel/utils" "2.9.3"
      nullthrows "^1.1.1"
  
  "@parcel/runtime-browser-hmr@2.9.3":
    version "2.9.3"
    resolved "https://registry.npmjs.org/@parcel/runtime-browser-hmr/-/runtime-browser-hmr-2.9.3.tgz"
    integrity sha512-EgiDIDrVAWpz7bOzWXqVinQkaFjLwT34wsonpXAbuI7f7r00d52vNAQC9AMu+pTijA3gyKoJ+Q4NWPMZf7ACDA==
    dependencies:
      "@parcel/plugin" "2.9.3"
      "@parcel/utils" "2.9.3"
  
  "@parcel/runtime-js@2.9.3":
    version "2.9.3"
    resolved "https://registry.npmjs.org/@parcel/runtime-js/-/runtime-js-2.9.3.tgz"
    integrity sha512-EvIy+qXcKnB5qxHhe96zmJpSAViNVXHfQI5RSdZ2a7CPwORwhTI+zPNT9sb7xb/WwFw/WuTTgzT40b41DceU6Q==
    dependencies:
      "@parcel/diagnostic" "2.9.3"
      "@parcel/plugin" "2.9.3"
      "@parcel/utils" "2.9.3"
      nullthrows "^1.1.1"
  
  "@parcel/runtime-react-refresh@2.9.3":
    version "2.9.3"
    resolved "https://registry.npmjs.org/@parcel/runtime-react-refresh/-/runtime-react-refresh-2.9.3.tgz"
    integrity sha512-XBgryZQIyCmi6JwEfMUCmINB3l1TpTp9a2iFxmYNpzHlqj4Ve0saKaqWOVRLvC945ZovWIBzcSW2IYqWKGtbAA==
    dependencies:
      "@parcel/plugin" "2.9.3"
      "@parcel/utils" "2.9.3"
      react-error-overlay "6.0.9"
      react-refresh "^0.9.0"
  
  "@parcel/runtime-service-worker@2.9.3":
    version "2.9.3"
    resolved "https://registry.npmjs.org/@parcel/runtime-service-worker/-/runtime-service-worker-2.9.3.tgz"
    integrity sha512-qLJLqv1mMdWL7gyh8aKBFFAuEiJkhUUgLKpdn6eSfH/R7kTtb76WnOwqUrhvEI9bZFUM/8Pa1bzJnPpqSOM+Sw==
    dependencies:
      "@parcel/plugin" "2.9.3"
      "@parcel/utils" "2.9.3"
      nullthrows "^1.1.1"
  
  "@parcel/source-map@^2.1.1":
    version "2.1.1"
    resolved "https://registry.npmjs.org/@parcel/source-map/-/source-map-2.1.1.tgz"
    integrity sha512-Ejx1P/mj+kMjQb8/y5XxDUn4reGdr+WyKYloBljpppUy8gs42T+BNoEOuRYqDVdgPc6NxduzIDoJS9pOFfV5Ew==
    dependencies:
      detect-libc "^1.0.3"
  
  "@parcel/transformer-babel@2.9.3":
    version "2.9.3"
    resolved "https://registry.npmjs.org/@parcel/transformer-babel/-/transformer-babel-2.9.3.tgz"
    integrity sha512-pURtEsnsp3h6tOBDuzh9wRvVtw4PgIlqwAArIWdrG7iwqOUYv9D8ME4+ePWEu7MQWAp58hv9pTJtqWv4T+Sq8A==
    dependencies:
      "@parcel/diagnostic" "2.9.3"
      "@parcel/plugin" "2.9.3"
      "@parcel/source-map" "^2.1.1"
      "@parcel/utils" "2.9.3"
      browserslist "^4.6.6"
      json5 "^2.2.0"
      nullthrows "^1.1.1"
      semver "^7.5.2"
  
  "@parcel/transformer-css@2.9.3":
    version "2.9.3"
    resolved "https://registry.npmjs.org/@parcel/transformer-css/-/transformer-css-2.9.3.tgz"
    integrity sha512-duWMdbEBBPjg3fQdXF16iWIdThetDZvCs2TpUD7xOlXH6kR0V5BJy8ONFT15u1RCqIV9hSNGaS3v3I9YRNY5zQ==
    dependencies:
      "@parcel/diagnostic" "2.9.3"
      "@parcel/plugin" "2.9.3"
      "@parcel/source-map" "^2.1.1"
      "@parcel/utils" "2.9.3"
      browserslist "^4.6.6"
      lightningcss "^1.16.1"
      nullthrows "^1.1.1"
  
  "@parcel/transformer-html@2.9.3":
    version "2.9.3"
    resolved "https://registry.npmjs.org/@parcel/transformer-html/-/transformer-html-2.9.3.tgz"
    integrity sha512-0NU4omcHzFXA1seqftAXA2KNZaMByoKaNdXnLgBgtCGDiYvOcL+6xGHgY6pw9LvOh5um10KI5TxSIMILoI7VtA==
    dependencies:
      "@parcel/diagnostic" "2.9.3"
      "@parcel/hash" "2.9.3"
      "@parcel/plugin" "2.9.3"
      nullthrows "^1.1.1"
      posthtml "^0.16.5"
      posthtml-parser "^0.10.1"
      posthtml-render "^3.0.0"
      semver "^7.5.2"
      srcset "4"
  
  "@parcel/transformer-image@2.9.3":
    version "2.9.3"
    resolved "https://registry.npmjs.org/@parcel/transformer-image/-/transformer-image-2.9.3.tgz"
    integrity sha512-7CEe35RaPadQzLIuxzTtIxnItvOoy46hcbXtOdDt6lmVa4omuOygZYRIya2lsGIP4JHvAaALMb5nt99a1uTwJg==
    dependencies:
      "@parcel/plugin" "2.9.3"
      "@parcel/utils" "2.9.3"
      "@parcel/workers" "2.9.3"
      nullthrows "^1.1.1"
  
  "@parcel/transformer-js@2.9.3":
    version "2.9.3"
    resolved "https://registry.npmjs.org/@parcel/transformer-js/-/transformer-js-2.9.3.tgz"
    integrity sha512-Z2MVVg5FYcPOfxlUwxqb5l9yjTMEqE3KI3zq2MBRUme6AV07KxLmCDF23b6glzZlHWQUE8MXzYCTAkOPCcPz+Q==
    dependencies:
      "@parcel/diagnostic" "2.9.3"
      "@parcel/plugin" "2.9.3"
      "@parcel/source-map" "^2.1.1"
      "@parcel/utils" "2.9.3"
      "@parcel/workers" "2.9.3"
      "@swc/helpers" "^0.5.0"
      browserslist "^4.6.6"
      nullthrows "^1.1.1"
      regenerator-runtime "^0.13.7"
      semver "^7.5.2"
  
  "@parcel/transformer-json@2.9.3":
    version "2.9.3"
    resolved "https://registry.npmjs.org/@parcel/transformer-json/-/transformer-json-2.9.3.tgz"
    integrity sha512-yNL27dbOLhkkrjaQjiQ7Im9VOxmkfuuSNSmS0rA3gEjVcm07SLKRzWkAaPnyx44Lb6bzyOTWwVrb9aMmxgADpA==
    dependencies:
      "@parcel/plugin" "2.9.3"
      json5 "^2.2.0"
  
  "@parcel/transformer-postcss@^2.8.2", "@parcel/transformer-postcss@2.9.3":
    version "2.9.3"
    resolved "https://registry.npmjs.org/@parcel/transformer-postcss/-/transformer-postcss-2.9.3.tgz"
    integrity sha512-HoDvPqKzhpmvMmHqQhDnt8F1vH61m6plpGiYaYnYv2Om4HHi5ZIq9bO+9QLBnTKfaZ7ndYSefTKOxTYElg7wyw==
    dependencies:
      "@parcel/diagnostic" "2.9.3"
      "@parcel/hash" "2.9.3"
      "@parcel/plugin" "2.9.3"
      "@parcel/utils" "2.9.3"
      clone "^2.1.1"
      nullthrows "^1.1.1"
      postcss-value-parser "^4.2.0"
      semver "^7.5.2"
  
  "@parcel/transformer-posthtml@2.9.3":
    version "2.9.3"
    resolved "https://registry.npmjs.org/@parcel/transformer-posthtml/-/transformer-posthtml-2.9.3.tgz"
    integrity sha512-2fQGgrzRmaqbWf3y2/T6xhqrNjzqMMKksqJzvc8TMfK6f2kg3Ddjv158eaSW2JdkV39aY7tvAOn5f1uzo74BMA==
    dependencies:
      "@parcel/plugin" "2.9.3"
      "@parcel/utils" "2.9.3"
      nullthrows "^1.1.1"
      posthtml "^0.16.5"
      posthtml-parser "^0.10.1"
      posthtml-render "^3.0.0"
      semver "^7.5.2"
  
  "@parcel/transformer-raw@2.9.3":
    version "2.9.3"
    resolved "https://registry.npmjs.org/@parcel/transformer-raw/-/transformer-raw-2.9.3.tgz"
    integrity sha512-oqdPzMC9QzWRbY9J6TZEqltknjno+dY24QWqf8ondmdF2+W+/2mRDu59hhCzQrqUHgTq4FewowRZmSfpzHxwaQ==
    dependencies:
      "@parcel/plugin" "2.9.3"
  
  "@parcel/transformer-react-refresh-wrap@2.9.3":
    version "2.9.3"
    resolved "https://registry.npmjs.org/@parcel/transformer-react-refresh-wrap/-/transformer-react-refresh-wrap-2.9.3.tgz"
    integrity sha512-cb9NyU6oJlDblFIlzqIE8AkvRQVGl2IwJNKwD4PdE7Y6sq2okGEPG4hOw3k/Y9JVjM4/2pUORqvjSRhWwd9oVQ==
    dependencies:
      "@parcel/plugin" "2.9.3"
      "@parcel/utils" "2.9.3"
      react-refresh "^0.9.0"
  
  "@parcel/transformer-sass@^2.8.2":
    version "2.8.2"
    resolved "https://registry.npmjs.org/@parcel/transformer-sass/-/transformer-sass-2.8.2.tgz"
    integrity sha512-GiTuLpkIIVjLUYM7kEWkGetQZSS6tSysokEvipSvST5LH3mXS7hV9d1kTE2DrvvN4SSgV1uougY7c4t1CexJZA==
    dependencies:
      "@parcel/plugin" "2.8.2"
      "@parcel/source-map" "^2.1.1"
      sass "^1.38.0"
  
  "@parcel/transformer-svg@2.9.3":
    version "2.9.3"
    resolved "https://registry.npmjs.org/@parcel/transformer-svg/-/transformer-svg-2.9.3.tgz"
    integrity sha512-ypmE+dzB09IMCdEAkOsSxq1dEIm2A3h67nAFz4qbfHbwNgXBUuy/jB3ZMwXN/cO0f7SBh/Ap8Jhq6vmGqB5tWw==
    dependencies:
      "@parcel/diagnostic" "2.9.3"
      "@parcel/hash" "2.9.3"
      "@parcel/plugin" "2.9.3"
      nullthrows "^1.1.1"
      posthtml "^0.16.5"
      posthtml-parser "^0.10.1"
      posthtml-render "^3.0.0"
      semver "^7.5.2"
  
  "@parcel/types@2.8.2":
    version "2.8.2"
    resolved "https://registry.npmjs.org/@parcel/types/-/types-2.8.2.tgz"
    integrity sha512-HAYhokWxM10raIhqaYj9VR9eAvJ+xP2sNfQ1IcQybHpq3qblcBe/4jDeuUpwIyKeQ4gorp7xY+q8KDoR20j43w==
    dependencies:
      "@parcel/cache" "2.8.2"
      "@parcel/diagnostic" "2.8.2"
      "@parcel/fs" "2.8.2"
      "@parcel/package-manager" "2.8.2"
      "@parcel/source-map" "^2.1.1"
      "@parcel/workers" "2.8.2"
      utility-types "^3.10.0"
  
  "@parcel/types@2.9.3":
    version "2.9.3"
    resolved "https://registry.npmjs.org/@parcel/types/-/types-2.9.3.tgz"
    integrity sha512-NSNY8sYtRhvF1SqhnIGgGvJocyWt1K8Tnw5cVepm0g38ywtX6mwkBvMkmeehXkII4mSUn+frD9wGsydTunezvA==
    dependencies:
      "@parcel/cache" "2.9.3"
      "@parcel/diagnostic" "2.9.3"
      "@parcel/fs" "2.9.3"
      "@parcel/package-manager" "2.9.3"
      "@parcel/source-map" "^2.1.1"
      "@parcel/workers" "2.9.3"
      utility-types "^3.10.0"
  
  "@parcel/utils@2.8.2":
    version "2.8.2"
    resolved "https://registry.npmjs.org/@parcel/utils/-/utils-2.8.2.tgz"
    integrity sha512-Ufax7wZxC9FNsUpR0EU7Z22LEY/q9jjsDTwswctCdfpWb7TE/NudOfM9myycfRvwBVEYN50lPbkt1QltEVnXQQ==
    dependencies:
      "@parcel/codeframe" "2.8.2"
      "@parcel/diagnostic" "2.8.2"
      "@parcel/hash" "2.8.2"
      "@parcel/logger" "2.8.2"
      "@parcel/markdown-ansi" "2.8.2"
      "@parcel/source-map" "^2.1.1"
      chalk "^4.1.0"
  
  "@parcel/utils@2.9.3":
    version "2.9.3"
    resolved "https://registry.npmjs.org/@parcel/utils/-/utils-2.9.3.tgz"
    integrity sha512-cesanjtj/oLehW8Waq9JFPmAImhoiHX03ihc3JTWkrvJYSbD7wYKCDgPAM3JiRAqvh1LZ6P699uITrYWNoRLUg==
    dependencies:
      "@parcel/codeframe" "2.9.3"
      "@parcel/diagnostic" "2.9.3"
      "@parcel/hash" "2.9.3"
      "@parcel/logger" "2.9.3"
      "@parcel/markdown-ansi" "2.9.3"
      "@parcel/source-map" "^2.1.1"
      chalk "^4.1.0"
      nullthrows "^1.1.1"
  
  "@parcel/watcher@^2.0.7":
    version "2.0.7"
    resolved "https://registry.npmjs.org/@parcel/watcher/-/watcher-2.0.7.tgz"
    integrity sha512-gc3hoS6e+2XdIQ4HHljDB1l0Yx2EWh/sBBtCEFNKGSMlwASWeAQsOY/fPbxOBcZ/pg0jBh4Ga+4xHlZc4faAEQ==
    dependencies:
      node-addon-api "^3.2.1"
      node-gyp-build "^4.3.0"
  
  "@parcel/workers@2.8.2":
    version "2.8.2"
    resolved "https://registry.npmjs.org/@parcel/workers/-/workers-2.8.2.tgz"
    integrity sha512-Eg6CofIrJSNBa2fjXwvnzVLPKwR/6fkfQTFAm3Jl+4JYLVknBtTSFzQNp/Fa+HUEG889H9ucTk2CBi/fVPBAFw==
    dependencies:
      "@parcel/diagnostic" "2.8.2"
      "@parcel/logger" "2.8.2"
      "@parcel/types" "2.8.2"
      "@parcel/utils" "2.8.2"
      chrome-trace-event "^1.0.2"
      nullthrows "^1.1.1"
  
  "@parcel/workers@2.9.3":
    version "2.9.3"
    resolved "https://registry.npmjs.org/@parcel/workers/-/workers-2.9.3.tgz"
    integrity sha512-zRrDuZJzTevrrwElYosFztgldhqW6G9q5zOeQXfVQFkkEJCNfg36ixeiofKRU8uu2x+j+T6216mhMNB6HiuY+w==
    dependencies:
      "@parcel/diagnostic" "2.9.3"
      "@parcel/logger" "2.9.3"
      "@parcel/profiler" "2.9.3"
      "@parcel/types" "2.9.3"
      "@parcel/utils" "2.9.3"
      nullthrows "^1.1.1"
  
  "@swc/core-win32-x64-msvc@1.3.68":
    version "1.3.68"
    resolved "https://registry.npmjs.org/@swc/core-win32-x64-msvc/-/core-win32-x64-msvc-1.3.68.tgz"
    integrity sha512-9HZVtLQUgK8r/yXQdwe0VBexbIcrY6+fBROhs7AAPWdewpaUeLkwQEJk6TbYr9CQuHw26FFGg6SjwAiqXF+kgQ==
  
  "@swc/core@^1.3.36":
    version "1.3.68"
    resolved "https://registry.npmjs.org/@swc/core/-/core-1.3.68.tgz"
    integrity sha512-njGQuJO+Wy06dEayt70cf0c/KI3HGjm4iW9LLViVLBuYNzJ4SSdNfzejludzufu6im+dsDJ0i3QjgWhAIcVHMQ==
    optionalDependencies:
      "@swc/core-darwin-arm64" "1.3.68"
      "@swc/core-darwin-x64" "1.3.68"
      "@swc/core-linux-arm-gnueabihf" "1.3.68"
      "@swc/core-linux-arm64-gnu" "1.3.68"
      "@swc/core-linux-arm64-musl" "1.3.68"
      "@swc/core-linux-x64-gnu" "1.3.68"
      "@swc/core-linux-x64-musl" "1.3.68"
      "@swc/core-win32-arm64-msvc" "1.3.68"
      "@swc/core-win32-ia32-msvc" "1.3.68"
      "@swc/core-win32-x64-msvc" "1.3.68"
  
  "@swc/helpers@^0.5.0":
    version "0.5.1"
    resolved "https://registry.npmjs.org/@swc/helpers/-/helpers-0.5.1.tgz"
    integrity sha512-sJ902EfIzn1Fa+qYmjdQqh8tPsoxyBz+8yBKC2HKUxyezKJFwPGOn7pv4WY6QuQW//ySQi5lJjA/ZT9sNWWNTg==
    dependencies:
      tslib "^2.4.0"
  
  "@trysound/sax@0.2.0":
    version "0.2.0"
    resolved "https://registry.npmjs.org/@trysound/sax/-/sax-0.2.0.tgz"
    integrity sha512-L7z9BgrNEcYyUYtF+HaEfiS5ebkh9jXqbszz7pC0hRBPaatV0XjSD3+eHrpqFemQfgwiFF0QPIarnIihIDn7OA==
  
  abortcontroller-polyfill@^1.1.9:
    version "1.7.5"
    resolved "https://registry.npmjs.org/abortcontroller-polyfill/-/abortcontroller-polyfill-1.7.5.tgz"
    integrity sha512-JMJ5soJWP18htbbxJjG7bG6yuI6pRhgJ0scHHTfkUjf6wjP912xZWvM+A4sJK3gqd9E8fcPbDnOefbA9Th/FIQ==
  
  ansi-styles@^3.2.1:
    version "3.2.1"
    resolved "https://registry.npmjs.org/ansi-styles/-/ansi-styles-3.2.1.tgz"
    integrity sha512-VT0ZI6kZRdTh8YyJw3SMbYm/u+NqfsAxEpWO0Pf9sq8/e94WxxOpPKx9FR1FlyCtOVDNOQ+8ntlqFxiRc+r5qA==
    dependencies:
      color-convert "^1.9.0"
  
  ansi-styles@^4.1.0:
    version "4.3.0"
    resolved "https://registry.npmjs.org/ansi-styles/-/ansi-styles-4.3.0.tgz"
    integrity sha512-zbB9rCJAT1rbjiVDb2hqKFHNYLxgtk8NURxZ3IZwD3F6NtxbXZQCnnSi1Lkx+IDohdPlFp222wVALIheZJQSEg==
    dependencies:
      color-convert "^2.0.1"
  
  anymatch@~3.1.2:
    version "3.1.3"
    resolved "https://registry.npmjs.org/anymatch/-/anymatch-3.1.3.tgz"
    integrity sha512-KMReFUr0B4t+D+OBkjR3KYqvocp2XaSzO55UcB6mgQMd3KbcE+mWTyvVV7D/zsdEbNnV6acZUutkiHQXvTr1Rw==
    dependencies:
      normalize-path "^3.0.0"
      picomatch "^2.0.4"
  
  argparse@^2.0.1:
    version "2.0.1"
    resolved "https://registry.npmjs.org/argparse/-/argparse-2.0.1.tgz"
    integrity sha512-8+9WqebbFzpX9OR+Wa6O29asIogeRMzcGtAINdpMHHyAg10f05aSFVBbcEqGf/PXw1EjAZ+q2/bEBg3DvurK3Q==
  
  autoprefixer@^10.4.13:
    version "10.4.13"
    resolved "https://registry.npmjs.org/autoprefixer/-/autoprefixer-10.4.13.tgz"
    integrity sha512-49vKpMqcZYsJjwotvt4+h/BCjJVnhGwcLpDt5xkcaOG3eLrG/HUYLagrihYsQ+qrIBgIzX1Rw7a6L8I/ZA1Atg==
    dependencies:
      browserslist "^4.21.4"
      caniuse-lite "^1.0.30001426"
      fraction.js "^4.2.0"
      normalize-range "^0.1.2"
      picocolors "^1.0.0"
      postcss-value-parser "^4.2.0"
  
  balanced-match@^1.0.0:
    version "1.0.2"
    resolved "https://registry.npmjs.org/balanced-match/-/balanced-match-1.0.2.tgz"
    integrity sha512-3oSeUO0TMV67hN1AmbXsK4yaqU7tjiHlbxRDZOpH0KW9+CeX4bRAaX0Anxt0tx2MrpRpWwQaPwIlISEJhYU5Pw==
  
  base-x@^3.0.8:
    version "3.0.9"
    resolved "https://registry.npmjs.org/base-x/-/base-x-3.0.9.tgz"
    integrity sha512-H7JU6iBHTal1gp56aKoaa//YUxEaAOUiydvrV/pILqIHXTtqxSkATOnDA2u+jZ/61sD+L/412+7kzXRtWukhpQ==
    dependencies:
      safe-buffer "^5.0.1"
  
  binary-extensions@^2.0.0:
    version "2.2.0"
    resolved "https://registry.npmjs.org/binary-extensions/-/binary-extensions-2.2.0.tgz"
    integrity sha512-jDctJ/IVQbZoJykoeHbhXpOlNBqGNcwXJKJog42E5HDPUwQTSdjCHdihjj0DlnheQ7blbT6dHOafNAiS8ooQKA==
  
  boolbase@^1.0.0:
    version "1.0.0"
    resolved "https://registry.npmjs.org/boolbase/-/boolbase-1.0.0.tgz"
    integrity sha512-JZOSA7Mo9sNGB8+UjSgzdLtokWAky1zbztM3WRLCbZ70/3cTANmQmOdR7y2g+J0e2WXywy1yS468tY+IruqEww==
  
  brace-expansion@^1.1.7:
    version "1.1.11"
    resolved "https://registry.npmjs.org/brace-expansion/-/brace-expansion-1.1.11.tgz"
    integrity sha512-iCuPHDFgrHX7H2vEI/5xpz07zSHB00TpugqhmYtVmMO6518mCuRMoOYFldEBl0g187ufozdaHgWKcYFb61qGiA==
    dependencies:
      balanced-match "^1.0.0"
      concat-map "0.0.1"
  
  braces@~3.0.2:
    version "3.0.2"
    resolved "https://registry.npmjs.org/braces/-/braces-3.0.2.tgz"
    integrity sha512-b8um+L1RzM3WDSzvhm6gIz1yfTbBt6YTlcEKAvsmqCZZFw46z626lVj9j1yEPW33H5H+lBQpZMP1k8l+78Ha0A==
    dependencies:
      fill-range "^7.0.1"
  
  browserslist@^4.21.4, browserslist@^4.6.6, "browserslist@>= 4.21.0":
    version "4.21.4"
    resolved "https://registry.npmjs.org/browserslist/-/browserslist-4.21.4.tgz"
    integrity sha512-CBHJJdDmgjl3daYjN5Cp5kbTf1mUhZoS+beLklHIvkOWscs83YAhLlF3Wsh/lciQYAcbBJgTOD44VtG31ZM4Hw==
    dependencies:
      caniuse-lite "^1.0.30001400"
      electron-to-chromium "^1.4.251"
      node-releases "^2.0.6"
      update-browserslist-db "^1.0.9"
  
  callsites@^3.0.0:
    version "3.1.0"
    resolved "https://registry.npmjs.org/callsites/-/callsites-3.1.0.tgz"
    integrity sha512-P8BjAsXvZS+VIDUI11hHCQEv74YT67YUi5JJFNWIqL235sBmjX4+qx9Muvls5ivyNENctx46xQLQ3aTuE7ssaQ==
  
  caniuse-lite@^1.0.30001400, caniuse-lite@^1.0.30001426:
    version "1.0.30001514"
    resolved "https://registry.npmjs.org/caniuse-lite/-/caniuse-lite-1.0.30001514.tgz"
    integrity sha512-ENcIpYBmwAAOm/V2cXgM7rZUrKKaqisZl4ZAI520FIkqGXUxJjmaIssbRW5HVVR5tyV6ygTLIm15aU8LUmQSaQ==
  
  chalk@^2.0.0:
    version "2.4.2"
    resolved "https://registry.npmjs.org/chalk/-/chalk-2.4.2.tgz"
    integrity sha512-Mti+f9lpJNcwF4tWV8/OrTTtF1gZi+f8FqlyAdouralcFWFQWF2+NgCHShjkCb+IFBLq9buZwE1xckQU4peSuQ==
    dependencies:
      ansi-styles "^3.2.1"
      escape-string-regexp "^1.0.5"
      supports-color "^5.3.0"
  
  chalk@^4.1.0:
    version "4.1.2"
    resolved "https://registry.npmjs.org/chalk/-/chalk-4.1.2.tgz"
    integrity sha512-oKnbhFyRIXpUuez8iBMmyEa4nbj4IOQyuhc/wy9kY7/WVPcwIO9VA668Pu8RkO7+0G76SLROeyw9CpQ061i4mA==
    dependencies:
      ansi-styles "^4.1.0"
      supports-color "^7.1.0"
  
  "chokidar@>=3.0.0 <4.0.0":
    version "3.5.3"
    resolved "https://registry.npmjs.org/chokidar/-/chokidar-3.5.3.tgz"
    integrity sha512-Dr3sfKRP6oTcjf2JmUmFJfeVMvXBdegxB0iVQ5eb2V10uFJUCAS8OByZdVAyVb8xXNz3GjjTgj9kLWsZTqE6kw==
    dependencies:
      anymatch "~3.1.2"
      braces "~3.0.2"
      glob-parent "~5.1.2"
      is-binary-path "~2.1.0"
      is-glob "~4.0.1"
      normalize-path "~3.0.0"
      readdirp "~3.6.0"
    optionalDependencies:
      fsevents "~2.3.2"
  
  chrome-trace-event@^1.0.2, chrome-trace-event@^1.0.3:
    version "1.0.3"
    resolved "https://registry.npmjs.org/chrome-trace-event/-/chrome-trace-event-1.0.3.tgz"
    integrity sha512-p3KULyQg4S7NIHixdwbGX+nFHkoBiA4YQmyWtjb8XngSKV124nJmRysgAeujbUVb15vh+RvFUfCPqU7rXk+hZg==
  
  clone@^2.1.1:
    version "2.1.2"
    resolved "https://registry.npmjs.org/clone/-/clone-2.1.2.tgz"
    integrity sha512-3Pe/CF1Nn94hyhIYpjtiLhdCoEoz0DqQ+988E9gmeEdQZlojxnOb74wctFyuwWQHzqyf9X7C7MG8juUpqBJT8w==
  
  color-convert@^1.9.0:
    version "1.9.3"
    resolved "https://registry.npmjs.org/color-convert/-/color-convert-1.9.3.tgz"
    integrity sha512-QfAUtd+vFdAtFQcC8CCyYt1fYWxSqAiK2cSD6zDB8N3cpsEBAvRxp9zOGg6G/SHHJYAT88/az/IuDGALsNVbGg==
    dependencies:
      color-name "1.1.3"
  
  color-convert@^2.0.1:
    version "2.0.1"
    resolved "https://registry.npmjs.org/color-convert/-/color-convert-2.0.1.tgz"
    integrity sha512-RRECPsj7iu/xb5oKYcsFHSppFNnsj/52OVTRKb4zP5onXwVF3zVmmToNcOfGC+CRDpfK/U584fMg38ZHCaElKQ==
    dependencies:
      color-name "~1.1.4"
  
  color-name@~1.1.4:
    version "1.1.4"
    resolved "https://registry.npmjs.org/color-name/-/color-name-1.1.4.tgz"
    integrity sha512-dOy+3AuW3a2wNbZHIuMZpTcgjGuLU/uBL/ubcZF9OXbDo8ff4O8yVp5Bf0efS8uEoYo5q4Fx7dY9OgQGXgAsQA==
  
  color-name@1.1.3:
    version "1.1.3"
    resolved "https://registry.npmjs.org/color-name/-/color-name-1.1.3.tgz"
    integrity sha512-72fSenhMw2HZMTVHeCA9KCmpEIbzWiQsjN+BHcBbS9vr1mtt+vJjPdksIBNUmKAW8TFUDPJK5SUU3QhE9NEXDw==
  
  commander@^7.0.0, commander@^7.2.0:
    version "7.2.0"
    resolved "https://registry.npmjs.org/commander/-/commander-7.2.0.tgz"
    integrity sha512-QrWXB+ZQSVPmIWIhtEO9H+gwHaMGYiF5ChvoJ+K9ZGHG/sVsa6yiesAD1GC/x46sET00Xlwo1u49RVVVzvcSkw==
  
  concat-map@0.0.1:
    version "0.0.1"
    resolved "https://registry.npmjs.org/concat-map/-/concat-map-0.0.1.tgz"
    integrity sha512-/Srv4dswyQNBfohGpz9o6Yb3Gz3SrUDqBH5rTuhGR7ahtlbYKnVxw2bCFMRljaA7EXHaXZ8wsHdodFvbkhKmqg==
  
  cosmiconfig@^8.0.0:
    version "8.2.0"
    resolved "https://registry.npmjs.org/cosmiconfig/-/cosmiconfig-8.2.0.tgz"
    integrity sha512-3rTMnFJA1tCOPwRxtgF4wd7Ab2qvDbL8jX+3smjIbS4HlZBagTlpERbdN7iAbWlrfxE3M8c27kTwTawQ7st+OQ==
    dependencies:
      import-fresh "^3.2.1"
      js-yaml "^4.1.0"
      parse-json "^5.0.0"
      path-type "^4.0.0"
  
  css-select@^4.1.3:
    version "4.3.0"
    resolved "https://registry.npmjs.org/css-select/-/css-select-4.3.0.tgz"
    integrity sha512-wPpOYtnsVontu2mODhA19JrqWxNsfdatRKd64kmpRbQgh1KtItko5sTnEpPdpSaJszTOhEMlF/RPz28qj4HqhQ==
    dependencies:
      boolbase "^1.0.0"
      css-what "^6.0.1"
      domhandler "^4.3.1"
      domutils "^2.8.0"
      nth-check "^2.0.1"
  
  css-select@^5.1.0:
    version "5.1.0"
    resolved "https://registry.npmjs.org/css-select/-/css-select-5.1.0.tgz"
    integrity sha512-nwoRF1rvRRnnCqqY7updORDsuqKzqYJ28+oSMaJMMgOauh3fvwHqMS7EZpIPqK8GL+g9mKxF1vP/ZjSeNjEVHg==
    dependencies:
      boolbase "^1.0.0"
      css-what "^6.1.0"
      domhandler "^5.0.2"
      domutils "^3.0.1"
      nth-check "^2.0.1"
  
  css-tree@^1.1.2, css-tree@^1.1.3:
    version "1.1.3"
    resolved "https://registry.npmjs.org/css-tree/-/css-tree-1.1.3.tgz"
    integrity sha512-tRpdppF7TRazZrjJ6v3stzv93qxRcSsFmW6cX0Zm2NVKpxE1WV1HblnghVv9TreireHkqI/VDEsfolRF1p6y7Q==
    dependencies:
      mdn-data "2.0.14"
      source-map "^0.6.1"
  
  css-tree@^2.2.1:
    version "2.3.1"
    resolved "https://registry.npmjs.org/css-tree/-/css-tree-2.3.1.tgz"
    integrity sha512-6Fv1DV/TYw//QF5IzQdqsNDjx/wc8TrMBZsqjL9eW01tWb7R7k/mq+/VXfJCl7SoD5emsJop9cOByJZfs8hYIw==
    dependencies:
      mdn-data "2.0.30"
      source-map-js "^1.0.1"
  
  css-tree@~2.2.0:
    version "2.2.1"
    resolved "https://registry.npmjs.org/css-tree/-/css-tree-2.2.1.tgz"
    integrity sha512-OA0mILzGc1kCOCSJerOeqDxDQ4HOh+G8NbOJFOTgOCzpw7fCBubk0fEyxp8AgOL/jvLgYA/uV0cMbe43ElF1JA==
    dependencies:
      mdn-data "2.0.28"
      source-map-js "^1.0.1"
  
  css-what@^6.0.1, css-what@^6.1.0:
    version "6.1.0"
    resolved "https://registry.npmjs.org/css-what/-/css-what-6.1.0.tgz"
    integrity sha512-HTUrgRJ7r4dsZKU6GjmpfRK1O76h97Z8MfS1G0FozR+oF2kG6Vfe8JE6zwrkbxigziPHinCJ+gCPjA9EaBDtRw==
  
  cssesc@^3.0.0:
    version "3.0.0"
    resolved "https://registry.npmjs.org/cssesc/-/cssesc-3.0.0.tgz"
    integrity sha512-/Tb/JcjK111nNScGob5MNtsntNM1aCNUDipB/TkwZFhyDrrE47SOx/18wF2bbjgc3ZzCSKW1T5nt5EbFoAz/Vg==
  
  csso@^4.2.0:
    version "4.2.0"
    resolved "https://registry.npmjs.org/csso/-/csso-4.2.0.tgz"
    integrity sha512-wvlcdIbf6pwKEk7vHj8/Bkc0B4ylXZruLvOgs9doS5eOsOpuodOV2zJChSpkp+pRpYQLQMeF04nr3Z68Sta9jA==
    dependencies:
      css-tree "^1.1.2"
  
  csso@^5.0.5:
    version "5.0.5"
    resolved "https://registry.npmjs.org/csso/-/csso-5.0.5.tgz"
    integrity sha512-0LrrStPOdJj+SPCCrGhzryycLjwcgUSHBtxNA8aIDxf0GLsRh1cKYhB00Gd1lDOS4yGH69+SNn13+TWbVHETFQ==
    dependencies:
      css-tree "~2.2.0"
  
  cuint@^0.2.2:
    version "0.2.2"
    resolved "https://registry.npmjs.org/cuint/-/cuint-0.2.2.tgz"
    integrity sha512-d4ZVpCW31eWwCMe1YT3ur7mUDnTXbgwyzaL320DrcRT45rfjYxkt5QWLrmOJ+/UEAI2+fQgKe/fCjR8l4TpRgw==
  
  detect-libc@^1.0.3:
    version "1.0.3"
    resolved "https://registry.npmjs.org/detect-libc/-/detect-libc-1.0.3.tgz"
    integrity sha512-pGjwhsmsp4kL2RTz08wcOlGN83otlqHeD/Z5T8GXZB+/YcpQ/dgo+lbU8ZsGxV0HIvqqxo9l7mqYwyYMD9bKDg==
  
  dom-serializer@^1.0.1:
    version "1.4.1"
    resolved "https://registry.npmjs.org/dom-serializer/-/dom-serializer-1.4.1.tgz"
    integrity sha512-VHwB3KfrcOOkelEG2ZOfxqLZdfkil8PtJi4P8N2MMXucZq2yLp75ClViUlOVwyoHEDjYU433Aq+5zWP61+RGag==
    dependencies:
      domelementtype "^2.0.1"
      domhandler "^4.2.0"
      entities "^2.0.0"
  
  dom-serializer@^2.0.0:
    version "2.0.0"
    resolved "https://registry.npmjs.org/dom-serializer/-/dom-serializer-2.0.0.tgz"
    integrity sha512-wIkAryiqt/nV5EQKqQpo3SToSOV9J0DnbJqwK7Wv/Trc92zIAYZ4FlMu+JPFW1DfGFt81ZTCGgDEabffXeLyJg==
    dependencies:
      domelementtype "^2.3.0"
      domhandler "^5.0.2"
      entities "^4.2.0"
  
  domelementtype@^2.0.1, domelementtype@^2.2.0, domelementtype@^2.3.0:
    version "2.3.0"
    resolved "https://registry.npmjs.org/domelementtype/-/domelementtype-2.3.0.tgz"
    integrity sha512-OLETBj6w0OsagBwdXnPdN0cnMfF9opN69co+7ZrbfPGrdpPVNBUj02spi6B1N7wChLQiPn4CSH/zJvXw56gmHw==
  
  domhandler@^4.2.0, domhandler@^4.2.2, domhandler@^4.3.1:
    version "4.3.1"
    resolved "https://registry.npmjs.org/domhandler/-/domhandler-4.3.1.tgz"
    integrity sha512-GrwoxYN+uWlzO8uhUXRl0P+kHE4GtVPfYzVLcUxPL7KNdHKj66vvlhiweIHqYYXWlw+T8iLMp42Lm67ghw4WMQ==
    dependencies:
      domelementtype "^2.2.0"
  
  domhandler@^5.0.2, domhandler@^5.0.3:
    version "5.0.3"
    resolved "https://registry.npmjs.org/domhandler/-/domhandler-5.0.3.tgz"
    integrity sha512-cgwlv/1iFQiFnU96XXgROh8xTeetsnJiDsTc7TYCLFd9+/WNkIqPTxiM/8pSd8VIrhXGTf1Ny1q1hquVqDJB5w==
    dependencies:
      domelementtype "^2.3.0"
  
  domutils@^2.8.0:
    version "2.8.0"
    resolved "https://registry.npmjs.org/domutils/-/domutils-2.8.0.tgz"
    integrity sha512-w96Cjofp72M5IIhpjgobBimYEfoPjx1Vx0BSX9P30WBdZW2WIKU0T1Bd0kz2eNZ9ikjKgHbEyKx8BB6H1L3h3A==
    dependencies:
      dom-serializer "^1.0.1"
      domelementtype "^2.2.0"
      domhandler "^4.2.0"
  
  domutils@^3.0.1:
    version "3.1.0"
    resolved "https://registry.npmjs.org/domutils/-/domutils-3.1.0.tgz"
    integrity sha512-H78uMmQtI2AhgDJjWeQmHwJJ2bLPD3GMmO7Zja/ZZh84wkm+4ut+IUnUdRa8uCGX88DiVx1j6FRe1XfxEgjEZA==
    dependencies:
      dom-serializer "^2.0.0"
      domelementtype "^2.3.0"
      domhandler "^5.0.3"
  
  dotenv-expand@^5.1.0:
    version "5.1.0"
    resolved "https://registry.npmjs.org/dotenv-expand/-/dotenv-expand-5.1.0.tgz"
    integrity sha512-YXQl1DSa4/PQyRfgrv6aoNjhasp/p4qs9FjJ4q4cQk+8m4r6k4ZSiEyytKG8f8W9gi8WsQtIObNmKd+tMzNTmA==
  
  dotenv@^7.0.0:
    version "7.0.0"
    resolved "https://registry.npmjs.org/dotenv/-/dotenv-7.0.0.tgz"
    integrity sha512-M3NhsLbV1i6HuGzBUH8vXrtxOk+tWmzWKDMbAVSUp3Zsjm7ywFeuwrUXhmhQyRK1q5B5GGy7hcXPbj3bnfZg2g==
  
  electron-to-chromium@^1.4.251:
    version "1.4.284"
    resolved "https://registry.npmjs.org/electron-to-chromium/-/electron-to-chromium-1.4.284.tgz"
    integrity sha512-M8WEXFuKXMYMVr45fo8mq0wUrrJHheiKZf6BArTKk9ZBYCKJEOU5H8cdWgDT+qCVZf7Na4lVUaZsA+h6uA9+PA==
  
  entities@^2.0.0:
    version "2.2.0"
    resolved "https://registry.npmjs.org/entities/-/entities-2.2.0.tgz"
    integrity sha512-p92if5Nz619I0w+akJrLZH0MX0Pb5DX39XOwQTtXSdQQOaYH03S1uIQp4mhOZtAXrxq4ViO67YTiLBo2638o9A==
  
  entities@^3.0.1:
    version "3.0.1"
    resolved "https://registry.npmjs.org/entities/-/entities-3.0.1.tgz"
    integrity sha512-WiyBqoomrwMdFG1e0kqvASYfnlb0lp8M5o5Fw2OFq1hNZxxcNk8Ik0Xm7LxzBhuidnZB/UtBqVCgUz3kBOP51Q==
  
  entities@^4.2.0:
    version "4.5.0"
    resolved "https://registry.npmjs.org/entities/-/entities-4.5.0.tgz"
    integrity sha512-V0hjH4dGPh9Ao5p0MoRY6BVqtwCjhz6vI5LT8AJ55H+4g9/4vbHx1I54fS0XuclLhDHArPQCiMjDxjaL8fPxhw==
  
  error-ex@^1.3.1:
    version "1.3.2"
    resolved "https://registry.npmjs.org/error-ex/-/error-ex-1.3.2.tgz"
    integrity sha512-7dFHNmqeFSEt2ZBsCriorKnn3Z2pj+fd9kmI6QoWw4//DL+icEBfc0U7qJCisqrTsKTjw4fNFy2pW9OqStD84g==
    dependencies:
      is-arrayish "^0.2.1"
  
  escalade@^3.1.1:
    version "3.1.1"
    resolved "https://registry.npmjs.org/escalade/-/escalade-3.1.1.tgz"
    integrity sha512-k0er2gUkLf8O0zKJiAhmkTnJlTvINGv7ygDNPbeIsX/TJjGJZHuh9B2UxbsaEkmlEo9MfhrSzmhIlhRlI2GXnw==
  
  escape-string-regexp@^1.0.5:
    version "1.0.5"
    resolved "https://registry.npmjs.org/escape-string-regexp/-/escape-string-regexp-1.0.5.tgz"
    integrity sha512-vbRorB5FUQWvla16U8R/qgaFIya2qGzwDrNmCZuYKrbdSUMG6I1ZCGQRefkRVhuOkIGVne7BQ35DSfo1qvJqFg==
  
  fill-range@^7.0.1:
    version "7.0.1"
    resolved "https://registry.npmjs.org/fill-range/-/fill-range-7.0.1.tgz"
    integrity sha512-qOo9F+dMUmC2Lcb4BbVvnKJxTPjCm+RRpe4gDuGrzkL7mEVl/djYSu2OdQ2Pa302N4oqkSg9ir6jaLWJ2USVpQ==
    dependencies:
      to-regex-range "^5.0.1"
  
  fraction.js@^4.2.0:
    version "4.2.0"
    resolved "https://registry.npmjs.org/fraction.js/-/fraction.js-4.2.0.tgz"
    integrity sha512-MhLuK+2gUcnZe8ZHlaaINnQLl0xRIGRfcGk2yl8xoQAfHrSsL3rYu6FCmBdkdbhc9EPlwyGHewaRsvwRMJtAlA==
  
  function-bind@^1.1.1:
    version "1.1.1"
    resolved "https://registry.npmjs.org/function-bind/-/function-bind-1.1.1.tgz"
    integrity sha512-yIovAzMX49sF8Yl58fSCWJ5svSLuaibPxXQJFLmBObTuCr0Mf1KiPopGM9NiFjiYBCbfaa2Fh6breQ6ANVTI0A==
  
  generic-names@^4.0.0:
    version "4.0.0"
    resolved "https://registry.npmjs.org/generic-names/-/generic-names-4.0.0.tgz"
    integrity sha512-ySFolZQfw9FoDb3ed9d80Cm9f0+r7qj+HJkWjeD9RBfpxEVTlVhol+gvaQB/78WbwYfbnNh8nWHHBSlg072y6A==
    dependencies:
      loader-utils "^3.2.0"
  
  get-port@^4.2.0:
    version "4.2.0"
    resolved "https://registry.npmjs.org/get-port/-/get-port-4.2.0.tgz"
    integrity sha512-/b3jarXkH8KJoOMQc3uVGHASwGLPq3gSFJ7tgJm2diza+bydJPTGOibin2steecKeOylE8oY2JERlVWkAJO6yw==
  
  glob-parent@~5.1.2:
    version "5.1.2"
    resolved "https://registry.npmjs.org/glob-parent/-/glob-parent-5.1.2.tgz"
    integrity sha512-AOIgSQCepiJYwP3ARnGx+5VnTu2HBYdzbGP45eLw1vr3zB3vZLeyed1sC9hnbcOc9/SrMyM5RPQrkGz4aS9Zow==
    dependencies:
      is-glob "^4.0.1"
  
  globals@^13.2.0:
    version "13.20.0"
    resolved "https://registry.npmjs.org/globals/-/globals-13.20.0.tgz"
    integrity sha512-Qg5QtVkCy/kv3FUSlu4ukeZDVf9ee0iXLAUYX13gbR17bnejFTzr4iS9bY7kwCf1NztRNm1t91fjOiyx4CSwPQ==
    dependencies:
      type-fest "^0.20.2"
  
  has-flag@^3.0.0:
    version "3.0.0"
    resolved "https://registry.npmjs.org/has-flag/-/has-flag-3.0.0.tgz"
    integrity sha512-sKJf1+ceQBr4SMkvQnBDNDtf4TXpVhVGateu0t918bl30FnbE2m4vNLX+VWe/dpjlb+HugGYzW7uQXH98HPEYw==
  
  has-flag@^4.0.0:
    version "4.0.0"
    resolved "https://registry.npmjs.org/has-flag/-/has-flag-4.0.0.tgz"
    integrity sha512-EykJT/Q1KjTWctppgIAgfSO0tKVuZUjhgMr17kqTumMl6Afv3EISleU7qZUzoXDFTAHTDC4NOoG/ZxU3EvlMPQ==
  
  has@^1.0.3:
    version "1.0.3"
    resolved "https://registry.npmjs.org/has/-/has-1.0.3.tgz"
    integrity sha512-f2dvO0VU6Oej7RkWJGrehjbzMAjFp5/VKPp5tTpWIV4JHHZK1/BxbFRtf/siA2SWTe09caDmVtYYzWEIbBS4zw==
    dependencies:
      function-bind "^1.1.1"
  
  htmlnano@^2.0.0:
    version "2.0.4"
    resolved "https://registry.npmjs.org/htmlnano/-/htmlnano-2.0.4.tgz"
    integrity sha512-WGCkyGFwjKW1GeCBsPYacMvaMnZtFJ0zIRnC2NCddkA+IOEhTqskXrS7lep+3yYZw/nQ3dW1UAX4yA/GJyR8BA==
    dependencies:
      cosmiconfig "^8.0.0"
      posthtml "^0.16.5"
      timsort "^0.3.0"
  
  htmlparser2@^7.1.1:
    version "7.2.0"
    resolved "https://registry.npmjs.org/htmlparser2/-/htmlparser2-7.2.0.tgz"
    integrity sha512-H7MImA4MS6cw7nbyURtLPO1Tms7C5H602LRETv95z1MxO/7CP7rDVROehUYeYBUYEON94NXXDEPmZuq+hX4sog==
    dependencies:
      domelementtype "^2.0.1"
      domhandler "^4.2.2"
      domutils "^2.8.0"
      entities "^3.0.1"
  
  icss-replace-symbols@^1.1.0:
    version "1.1.0"
    resolved "https://registry.npmjs.org/icss-replace-symbols/-/icss-replace-symbols-1.1.0.tgz"
    integrity sha512-chIaY3Vh2mh2Q3RGXttaDIzeiPvaVXJ+C4DAh/w3c37SKZ/U6PGMmuicR2EQQp9bKG8zLMCl7I+PtIoOOPp8Gg==
  
  icss-utils@^5.0.0:
    version "5.1.0"
    resolved "https://registry.npmjs.org/icss-utils/-/icss-utils-5.1.0.tgz"
    integrity sha512-soFhflCVWLfRNOPU3iv5Z9VUdT44xFRbzjLsEzSr5AQmgqPMTHdU3PMT1Cf1ssx8fLNJDA1juftYl+PUcv3MqA==
  
  immutable@^4.0.0:
    version "4.2.0"
    resolved "https://registry.npmjs.org/immutable/-/immutable-4.2.0.tgz"
    integrity sha512-h4ujZ0OZ3kpvdFcwJAHXEdvawH7J8TYTB62e8xI03OSZhuGpuPY9DPXnonMN8s+uQ56gMUqMK71mXU8ob20xfA==
  
  import-fresh@^3.2.1:
    version "3.3.0"
    resolved "https://registry.npmjs.org/import-fresh/-/import-fresh-3.3.0.tgz"
    integrity sha512-veYYhQa+D1QBKznvhUHxb8faxlrwUnxseDAbAp457E0wLNio2bOSKnjYDhMj+YiAq61xrMGhQk9iXVk5FzgQMw==
    dependencies:
      parent-module "^1.0.0"
      resolve-from "^4.0.0"
  
  is-arrayish@^0.2.1:
    version "0.2.1"
    resolved "https://registry.npmjs.org/is-arrayish/-/is-arrayish-0.2.1.tgz"
    integrity sha512-zz06S8t0ozoDXMG+ube26zeCTNXcKIPJZJi8hBrF4idCLms4CG9QtK7qBl1boi5ODzFpjswb5JPmHCbMpjaYzg==
  
  is-binary-path@~2.1.0:
    version "2.1.0"
    resolved "https://registry.npmjs.org/is-binary-path/-/is-binary-path-2.1.0.tgz"
    integrity sha512-ZMERYes6pDydyuGidse7OsHxtbI7WVeUEozgR/g7rd0xUimYNlvZRE/K2MgZTjWy725IfelLeVcEM97mmtRGXw==
    dependencies:
      binary-extensions "^2.0.0"
  
  is-core-module@^2.11.0:
    version "2.12.1"
    resolved "https://registry.npmjs.org/is-core-module/-/is-core-module-2.12.1.tgz"
    integrity sha512-Q4ZuBAe2FUsKtyQJoQHlvP8OvBERxO3jEmy1I7hcRXcJBGGHFh/aJBswbXuS9sgrDH2QUO8ilkwNPHvHMd8clg==
    dependencies:
      has "^1.0.3"
  
  is-extglob@^2.1.1:
    version "2.1.1"
    resolved "https://registry.npmjs.org/is-extglob/-/is-extglob-2.1.1.tgz"
    integrity sha512-SbKbANkN603Vi4jEZv49LeVJMn4yGwsbzZworEoyEiutsN3nJYdbO36zfhGJ6QEDpOZIFkDtnq5JRxmvl3jsoQ==
  
  is-glob@^4.0.1, is-glob@~4.0.1:
    version "4.0.3"
    resolved "https://registry.npmjs.org/is-glob/-/is-glob-4.0.3.tgz"
    integrity sha512-xelSayHH36ZgE7ZWhli7pW34hNbNl8Ojv5KVmkJD4hBdD3th8Tfk9vYasLM+mXWOZhFkgZfxhLSnrwRr4elSSg==
    dependencies:
      is-extglob "^2.1.1"
  
  is-json@^2.0.1:
    version "2.0.1"
    resolved "https://registry.npmjs.org/is-json/-/is-json-2.0.1.tgz"
    integrity sha512-6BEnpVn1rcf3ngfmViLM6vjUjGErbdrL4rwlv+u1NO1XO8kqT4YGL8+19Q+Z/bas8tY90BTWMk2+fW1g6hQjbA==
  
  is-number@^7.0.0:
    version "7.0.0"
    resolved "https://registry.npmjs.org/is-number/-/is-number-7.0.0.tgz"
    integrity sha512-41Cifkg6e8TylSpdtTpeLVMqvSBEVzTttHvERD741+pnZ8ANv0004MRL43QKPDlK9cGvNp6NZWZUBlbGXYxxng==
  
  js-tokens@^4.0.0:
    version "4.0.0"
    resolved "https://registry.npmjs.org/js-tokens/-/js-tokens-4.0.0.tgz"
    integrity sha512-RdJUflcE3cUzKiMqQgsCu06FPu9UdIJO0beYbPhHN4k6apgJtifcoCtT9bcxOpYBtpD2kCM6Sbzg4CausW/PKQ==
  
  js-yaml@^4.1.0:
    version "4.1.0"
    resolved "https://registry.npmjs.org/js-yaml/-/js-yaml-4.1.0.tgz"
    integrity sha512-wpxZs9NoxZaJESJGIZTyDEaYpl0FKSA+FB9aJiyemKhMwkxQg63h4T1KJgUGHpTqPDNRcmmYLugrRjJlBtWvRA==
    dependencies:
      argparse "^2.0.1"
  
  json-parse-even-better-errors@^2.3.0:
    version "2.3.1"
    resolved "https://registry.npmjs.org/json-parse-even-better-errors/-/json-parse-even-better-errors-2.3.1.tgz"
    integrity sha512-xyFwyhro/JEof6Ghe2iz2NcXoj2sloNsWr/XsERDK/oiPCfaNhl5ONfp+jQdAZRQQ0IJWNzH9zIZF7li91kh2w==
  
  json5@^2.2.0, json5@^2.2.1:
    version "2.2.2"
    resolved "https://registry.npmjs.org/json5/-/json5-2.2.2.tgz"
    integrity sha512-46Tk9JiOL2z7ytNQWFLpj99RZkVgeHf87yGQKsIkaPz1qSH9UczKH1rO7K3wgRselo0tYMUNfecYpm/p1vC7tQ==
  
  lightningcss-win32-x64-msvc@1.21.5:
    version "1.21.5"
    resolved "https://registry.npmjs.org/lightningcss-win32-x64-msvc/-/lightningcss-win32-x64-msvc-1.21.5.tgz"
    integrity sha512-A8cSi8lUpBeVmoF+DqqW7cd0FemDbCuKr490IXdjyeI+KL8adpSKUs8tcqO0OXPh1EoDqK7JNkD/dELmd4Iz5g==
  
  lightningcss@^1.16.1:
    version "1.21.5"
    resolved "https://registry.npmjs.org/lightningcss/-/lightningcss-1.21.5.tgz"
    integrity sha512-/pEUPeih2EwIx9n4T82aOG6CInN83tl/mWlw6B5gWLf36UplQi1L+5p3FUHsdt4fXVfOkkh9KIaM3owoq7ss8A==
    dependencies:
      detect-libc "^1.0.3"
    optionalDependencies:
      lightningcss-darwin-arm64 "1.21.5"
      lightningcss-darwin-x64 "1.21.5"
      lightningcss-linux-arm-gnueabihf "1.21.5"
      lightningcss-linux-arm64-gnu "1.21.5"
      lightningcss-linux-arm64-musl "1.21.5"
      lightningcss-linux-x64-gnu "1.21.5"
      lightningcss-linux-x64-musl "1.21.5"
      lightningcss-win32-x64-msvc "1.21.5"
  
  lines-and-columns@^1.1.6:
    version "1.2.4"
    resolved "https://registry.npmjs.org/lines-and-columns/-/lines-and-columns-1.2.4.tgz"
    integrity sha512-7ylylesZQ/PV29jhEDl3Ufjo6ZX7gCqJr5F7PKrqc93v7fzSymt1BpwEU8nAUXs8qzzvqhbjhK5QZg6Mt/HkBg==
  
  lmdb@2.5.2:
    version "2.5.2"
    resolved "https://registry.npmjs.org/lmdb/-/lmdb-2.5.2.tgz"
    integrity sha512-V5V5Xa2Hp9i2XsbDALkBTeHXnBXh/lEmk9p22zdr7jtuOIY9TGhjK6vAvTpOOx9IKU4hJkRWZxn/HsvR1ELLtA==
    dependencies:
      msgpackr "^1.5.4"
      node-addon-api "^4.3.0"
      node-gyp-build-optional-packages "5.0.3"
      ordered-binary "^1.2.4"
      weak-lru-cache "^1.2.2"
    optionalDependencies:
      "@lmdb/lmdb-darwin-arm64" "2.5.2"
      "@lmdb/lmdb-darwin-x64" "2.5.2"
      "@lmdb/lmdb-linux-arm" "2.5.2"
      "@lmdb/lmdb-linux-arm64" "2.5.2"
      "@lmdb/lmdb-linux-x64" "2.5.2"
      "@lmdb/lmdb-win32-x64" "2.5.2"
  
  lmdb@2.7.11:
    version "2.7.11"
    resolved "https://registry.npmjs.org/lmdb/-/lmdb-2.7.11.tgz"
    integrity sha512-x9bD4hVp7PFLUoELL8RglbNXhAMt5CYhkmss+CEau9KlNoilsTzNi9QDsPZb3KMpOGZXG6jmXhW3bBxE2XVztw==
    dependencies:
      msgpackr "1.8.5"
      node-addon-api "^4.3.0"
      node-gyp-build-optional-packages "5.0.6"
      ordered-binary "^1.4.0"
      weak-lru-cache "^1.2.2"
    optionalDependencies:
      "@lmdb/lmdb-darwin-arm64" "2.7.11"
      "@lmdb/lmdb-darwin-x64" "2.7.11"
      "@lmdb/lmdb-linux-arm" "2.7.11"
      "@lmdb/lmdb-linux-arm64" "2.7.11"
      "@lmdb/lmdb-linux-x64" "2.7.11"
      "@lmdb/lmdb-win32-x64" "2.7.11"
  
  loader-utils@^3.2.0:
    version "3.2.1"
    resolved "https://registry.npmjs.org/loader-utils/-/loader-utils-3.2.1.tgz"
    integrity sha512-ZvFw1KWS3GVyYBYb7qkmRM/WwL2TQQBxgCK62rlvm4WpVQ23Nb4tYjApUlfjrEGvOs7KHEsmyUn75OHZrJMWPw==
  
  lodash.camelcase@^4.3.0:
    version "4.3.0"
    resolved "https://registry.npmjs.org/lodash.camelcase/-/lodash.camelcase-4.3.0.tgz"
    integrity sha512-TwuEnCnxbc3rAvhf/LbG7tJUDzhqXyFnv3dtzLOPgCG/hODL7WFnsbwktkD7yUV0RrreP/l1PALq/YSg6VvjlA==
  
  lru-cache@^6.0.0:
    version "6.0.0"
    resolved "https://registry.npmjs.org/lru-cache/-/lru-cache-6.0.0.tgz"
    integrity sha512-Jo6dJ04CmSjuznwJSS3pUeWmd/H0ffTlkXXgwZi+eq1UCmqQwCh+eLsYOYCwY991i2Fah4h1BEMCx4qThGbsiA==
    dependencies:
      yallist "^4.0.0"
  
  make-dir@~3.1.0:
    version "3.1.0"
    resolved "https://registry.npmjs.org/make-dir/-/make-dir-3.1.0.tgz"
    integrity sha512-g3FeP20LNwhALb/6Cz6Dd4F2ngze0jz7tbzrD2wAV+o9FeNHe4rL+yK2md0J/fiSf1sa1ADhXqi5+oVwOM/eGw==
    dependencies:
      semver "^6.0.0"
  
  mdn-data@2.0.14:
    version "2.0.14"
    resolved "https://registry.npmjs.org/mdn-data/-/mdn-data-2.0.14.tgz"
    integrity sha512-dn6wd0uw5GsdswPFfsgMp5NSB0/aDe6fK94YJV/AJDYXL6HVLWBsxeq7js7Ad+mU2K9LAlwpk6kN2D5mwCPVow==
  
  mdn-data@2.0.28:
    version "2.0.28"
    resolved "https://registry.npmjs.org/mdn-data/-/mdn-data-2.0.28.tgz"
    integrity sha512-aylIc7Z9y4yzHYAJNuESG3hfhC+0Ibp/MAMiaOZgNv4pmEdFyfZhhhny4MNiAfWdBQ1RQ2mfDWmM1x8SvGyp8g==
  
  mdn-data@2.0.30:
    version "2.0.30"
    resolved "https://registry.npmjs.org/mdn-data/-/mdn-data-2.0.30.tgz"
    integrity sha512-GaqWWShW4kv/G9IEucWScBx9G1/vsFZZJUO+tD26M8J8z3Kw5RDQjaoZe03YAClgeS/SWPOcb4nkFBTEi5DUEA==
  
  mime@~2.5.2:
    version "2.5.2"
    resolved "https://registry.npmjs.org/mime/-/mime-2.5.2.tgz"
    integrity sha512-tqkh47FzKeCPD2PUiPB6pkbMzsCasjxAfC62/Wap5qrUWcb+sFasXUC5I3gYM5iBM8v/Qpn4UK0x+j0iHyFPDg==
  
  minimatch@~3.0.4:
    version "3.0.8"
    resolved "https://registry.npmjs.org/minimatch/-/minimatch-3.0.8.tgz"
    integrity sha512-6FsRAQsxQ61mw+qP1ZzbL9Bc78x2p5OqNgNpnoAFLTrX8n5Kxph0CsnhmKKNXTWjXqU5L0pGPR7hYk+XWZr60Q==
    dependencies:
      brace-expansion "^1.1.7"
  
  msgpackr-extract@^3.0.1:
    version "3.0.2"
    resolved "https://registry.npmjs.org/msgpackr-extract/-/msgpackr-extract-3.0.2.tgz"
    integrity sha512-SdzXp4kD/Qf8agZ9+iTu6eql0m3kWm1A2y1hkpTeVNENutaB0BwHlSvAIaMxwntmRUAUjon2V4L8Z/njd0Ct8A==
    dependencies:
      node-gyp-build-optional-packages "5.0.7"
    optionalDependencies:
      "@msgpackr-extract/msgpackr-extract-darwin-arm64" "3.0.2"
      "@msgpackr-extract/msgpackr-extract-darwin-x64" "3.0.2"
      "@msgpackr-extract/msgpackr-extract-linux-arm" "3.0.2"
      "@msgpackr-extract/msgpackr-extract-linux-arm64" "3.0.2"
      "@msgpackr-extract/msgpackr-extract-linux-x64" "3.0.2"
      "@msgpackr-extract/msgpackr-extract-win32-x64" "3.0.2"
  
  msgpackr@^1.5.4, msgpackr@1.8.5:
    version "1.8.5"
    resolved "https://registry.npmjs.org/msgpackr/-/msgpackr-1.8.5.tgz"
    integrity sha512-mpPs3qqTug6ahbblkThoUY2DQdNXcm4IapwOS3Vm/87vmpzLVelvp9h3It1y9l1VPpiFLV11vfOXnmeEwiIXwg==
    optionalDependencies:
      msgpackr-extract "^3.0.1"
  
  nanoid@^3.3.6:
    version "3.3.6"
    resolved "https://registry.npmjs.org/nanoid/-/nanoid-3.3.6.tgz"
    integrity sha512-BGcqMMJuToF7i1rt+2PWSNVnWIkGCU78jBG3RxO/bZlnZPK2Cmi2QaffxGO/2RvWi9sL+FAiRiXMgsyxQ1DIDA==
  
  node-addon-api@^3.2.1:
    version "3.2.1"
    resolved "https://registry.npmjs.org/node-addon-api/-/node-addon-api-3.2.1.tgz"
    integrity sha512-mmcei9JghVNDYydghQmeDX8KoAm0FAiYyIcUt/N4nhyAipB17pllZQDOJD2fotxABnt4Mdz+dKTO7eftLg4d0A==
  
  node-addon-api@^4.3.0:
    version "4.3.0"
    resolved "https://registry.npmjs.org/node-addon-api/-/node-addon-api-4.3.0.tgz"
    integrity sha512-73sE9+3UaLYYFmDsFZnqCInzPyh3MqIwZO9cw58yIqAZhONrrabrYyYe3TuIqtIiOuTXVhsGau8hcrhhwSsDIQ==
  
  node-gyp-build-optional-packages@5.0.3:
    version "5.0.3"
    resolved "https://registry.npmjs.org/node-gyp-build-optional-packages/-/node-gyp-build-optional-packages-5.0.3.tgz"
    integrity sha512-k75jcVzk5wnnc/FMxsf4udAoTEUv2jY3ycfdSd3yWu6Cnd1oee6/CfZJApyscA4FJOmdoixWwiwOyf16RzD5JA==
  
  node-gyp-build-optional-packages@5.0.6:
    version "5.0.6"
    resolved "https://registry.npmjs.org/node-gyp-build-optional-packages/-/node-gyp-build-optional-packages-5.0.6.tgz"
    integrity sha512-2ZJErHG4du9G3/8IWl/l9Bp5BBFy63rno5GVmjQijvTuUZKsl6g8RB4KH/x3NLcV5ZBb4GsXmAuTYr6dRml3Gw==
  
  node-gyp-build-optional-packages@5.0.7:
    version "5.0.7"
    resolved "https://registry.npmjs.org/node-gyp-build-optional-packages/-/node-gyp-build-optional-packages-5.0.7.tgz"
    integrity sha512-YlCCc6Wffkx0kHkmam79GKvDQ6x+QZkMjFGrIMxgFNILFvGSbCp2fCBC55pGTT9gVaz8Na5CLmxt/urtzRv36w==
  
  node-gyp-build@^4.3.0:
    version "4.5.0"
    resolved "https://registry.npmjs.org/node-gyp-build/-/node-gyp-build-4.5.0.tgz"
    integrity sha512-2iGbaQBV+ITgCz76ZEjmhUKAKVf7xfY1sRl4UiKQspfZMH2h06SyhNsnSVy50cwkFQDGLyif6m/6uFXHkOZ6rg==
  
  node-releases@^2.0.6:
    version "2.0.8"
    resolved "https://registry.npmjs.org/node-releases/-/node-releases-2.0.8.tgz"
    integrity sha512-dFSmB8fFHEH/s81Xi+Y/15DQY6VHW81nXRj86EMSL3lmuTmK1e+aT4wrFCkTbm+gSwkw4KpX+rT/pMM2c1mF+A==
  
  normalize-path@^3.0.0, normalize-path@~3.0.0:
    version "3.0.0"
    resolved "https://registry.npmjs.org/normalize-path/-/normalize-path-3.0.0.tgz"
    integrity sha512-6eZs5Ls3WtCisHWp9S2GUy8dqkpGi4BVSz3GaqiE6ezub0512ESztXUwUB6C6IKbQkY2Pnb/mD4WYojCRwcwLA==
  
  normalize-range@^0.1.2:
    version "0.1.2"
    resolved "https://registry.npmjs.org/normalize-range/-/normalize-range-0.1.2.tgz"
    integrity sha512-bdok/XvKII3nUpklnV6P2hxtMNrCboOjAcyBuQnWEhO665FwrSNRxU+AqpsyvO6LgGYPspN+lu5CLtw4jPRKNA==
  
  nth-check@^2.0.1:
    version "2.1.1"
    resolved "https://registry.npmjs.org/nth-check/-/nth-check-2.1.1.tgz"
    integrity sha512-lqjrjmaOoAnWfMmBPL+XNnynZh2+swxiX3WUE0s4yEHI6m+AwrK2UZOimIRl3X/4QctVqS8AiZjFqyOGrMXb/w==
    dependencies:
      boolbase "^1.0.0"
  
  nullthrows@^1.1.1:
    version "1.1.1"
    resolved "https://registry.npmjs.org/nullthrows/-/nullthrows-1.1.1.tgz"
    integrity sha512-2vPPEi+Z7WqML2jZYddDIfy5Dqb0r2fze2zTxNNknZaFpVHU3mFB3R+DWeJWGVx0ecvttSGlJTI+WG+8Z4cDWw==
  
  ordered-binary@^1.2.4, ordered-binary@^1.4.0:
    version "1.4.0"
    resolved "https://registry.npmjs.org/ordered-binary/-/ordered-binary-1.4.0.tgz"
    integrity sha512-EHQ/jk4/a9hLupIKxTfUsQRej1Yd/0QLQs3vGvIqg5ZtCYSzNhkzHoZc7Zf4e4kUlDaC3Uw8Q/1opOLNN2OKRQ==
  
  parcel@latest:
    version "2.9.3"
    resolved "https://registry.npmjs.org/parcel/-/parcel-2.9.3.tgz"
    integrity sha512-2GTVocFkwblV/TIg9AmT7TI2fO4xdWkyN8aFUEVtiVNWt96GTR3FgQyHFValfCbcj1k9Xf962Ws2hYXYUr9k1Q==
    dependencies:
      "@parcel/config-default" "2.9.3"
      "@parcel/core" "2.9.3"
      "@parcel/diagnostic" "2.9.3"
      "@parcel/events" "2.9.3"
      "@parcel/fs" "2.9.3"
      "@parcel/logger" "2.9.3"
      "@parcel/package-manager" "2.9.3"
      "@parcel/reporter-cli" "2.9.3"
      "@parcel/reporter-dev-server" "2.9.3"
      "@parcel/reporter-tracer" "2.9.3"
      "@parcel/utils" "2.9.3"
      chalk "^4.1.0"
      commander "^7.0.0"
      get-port "^4.2.0"
  
  parent-module@^1.0.0:
    version "1.0.1"
    resolved "https://registry.npmjs.org/parent-module/-/parent-module-1.0.1.tgz"
    integrity sha512-GQ2EWRpQV8/o+Aw8YqtfZZPfNRWZYkbidE9k5rpl/hC3vtHHBfGm2Ifi6qWV+coDGkrUKZAxE3Lot5kcsRlh+g==
    dependencies:
      callsites "^3.0.0"
  
  parse-json@^5.0.0:
    version "5.2.0"
    resolved "https://registry.npmjs.org/parse-json/-/parse-json-5.2.0.tgz"
    integrity sha512-ayCKvm/phCGxOkYRSCM82iDwct8/EonSEgCSxWxD7ve6jHggsFl4fZVQBPRNgQoKiuV/odhFrGzQXZwbifC8Rg==
    dependencies:
      "@babel/code-frame" "^7.0.0"
      error-ex "^1.3.1"
      json-parse-even-better-errors "^2.3.0"
      lines-and-columns "^1.1.6"
  
  path-parse@^1.0.7:
    version "1.0.7"
    resolved "https://registry.npmjs.org/path-parse/-/path-parse-1.0.7.tgz"
    integrity sha512-LDJzPVEEEPR+y48z93A0Ed0yXb8pAByGWo/k5YYdYgpY2/2EsOsksJrq7lOHxryrVOn1ejG6oAp8ahvOIQD8sw==
  
  path-type@^4.0.0:
    version "4.0.0"
    resolved "https://registry.npmjs.org/path-type/-/path-type-4.0.0.tgz"
    integrity sha512-gDKb8aZMDeD/tZWs9P6+q0J9Mwkdl6xMV8TjnGP3qJVJ06bdMgkbBlLU8IdfOsIsFz2BW1rNVT3XuNEl8zPAvw==
  
  picocolors@^1.0.0:
    version "1.0.0"
    resolved "https://registry.npmjs.org/picocolors/-/picocolors-1.0.0.tgz"
    integrity sha512-1fygroTLlHu66zi26VoTDv8yRgm0Fccecssto+MhsZ0D/DGW2sm8E8AjW7NU5VVTRt5GxbeZ5qBuJr+HyLYkjQ==
  
  picomatch@^2.0.4, picomatch@^2.2.1:
    version "2.3.1"
    resolved "https://registry.npmjs.org/picomatch/-/picomatch-2.3.1.tgz"
    integrity sha512-JU3teHTNjmE2VCGFzuY8EXzCDVwEqB2a8fsIvwaStHhAWJEeVd1o1QD80CU6+ZdEXXSLbSsuLwJjkCBWqRQUVA==
  
  pify@^2.3.0:
    version "2.3.0"
    resolved "https://registry.npmjs.org/pify/-/pify-2.3.0.tgz"
    integrity sha512-udgsAY+fTnvv7kI7aaxbqwWNb0AHiB0qBO89PZKPkoTmGOgdbrHDKD+0B2X4uTfJ/FT1R09r9gTsjUjNJotuog==
  
  postcss-custom-properties@^13.2.1:
    version "13.2.1"
    resolved "https://registry.npmjs.org/postcss-custom-properties/-/postcss-custom-properties-13.2.1.tgz"
    integrity sha512-Z8UmzwVkRh8aITyeZoZnT4McSSPmS2EFl+OyPspfvx7v+N36V2UseMAODp3oBriZvcf/tQpzag9165x/VcC3kg==
    dependencies:
      "@csstools/cascade-layer-name-parser" "^1.0.3"
      "@csstools/css-parser-algorithms" "^2.3.0"
      "@csstools/css-tokenizer" "^2.1.1"
      postcss-value-parser "^4.2.0"
  
  postcss-import@^15.1.0:
    version "15.1.0"
    resolved "https://registry.npmjs.org/postcss-import/-/postcss-import-15.1.0.tgz"
    integrity sha512-hpr+J05B2FVYUAXHeK1YyI267J/dDDhMU6B6civm8hSY1jYJnBXxzKDKDswzJmtLHryrjhnDjqqp/49t8FALew==
    dependencies:
      postcss-value-parser "^4.0.0"
      read-cache "^1.0.0"
      resolve "^1.1.7"
  
  postcss-modules-extract-imports@^3.0.0:
    version "3.0.0"
    resolved "https://registry.npmjs.org/postcss-modules-extract-imports/-/postcss-modules-extract-imports-3.0.0.tgz"
    integrity sha512-bdHleFnP3kZ4NYDhuGlVK+CMrQ/pqUm8bx/oGL93K6gVwiclvX5x0n76fYMKuIGKzlABOy13zsvqjb0f92TEXw==
  
  postcss-modules-local-by-default@^4.0.0:
    version "4.0.3"
    resolved "https://registry.npmjs.org/postcss-modules-local-by-default/-/postcss-modules-local-by-default-4.0.3.tgz"
    integrity sha512-2/u2zraspoACtrbFRnTijMiQtb4GW4BvatjaG/bCjYQo8kLTdevCUlwuBHx2sCnSyrI3x3qj4ZK1j5LQBgzmwA==
    dependencies:
      icss-utils "^5.0.0"
      postcss-selector-parser "^6.0.2"
      postcss-value-parser "^4.1.0"
  
  postcss-modules-scope@^3.0.0:
    version "3.0.0"
    resolved "https://registry.npmjs.org/postcss-modules-scope/-/postcss-modules-scope-3.0.0.tgz"
    integrity sha512-hncihwFA2yPath8oZ15PZqvWGkWf+XUfQgUGamS4LqoP1anQLOsOJw0vr7J7IwLpoY9fatA2qiGUGmuZL0Iqlg==
    dependencies:
      postcss-selector-parser "^6.0.4"
  
  postcss-modules-values@^4.0.0:
    version "4.0.0"
    resolved "https://registry.npmjs.org/postcss-modules-values/-/postcss-modules-values-4.0.0.tgz"
    integrity sha512-RDxHkAiEGI78gS2ofyvCsu7iycRv7oqw5xMWn9iMoR0N/7mf9D50ecQqUo5BZ9Zh2vH4bCUR/ktCqbB9m8vJjQ==
    dependencies:
      icss-utils "^5.0.0"
  
  postcss-modules@^4.3.0:
    version "4.3.1"
    resolved "https://registry.npmjs.org/postcss-modules/-/postcss-modules-4.3.1.tgz"
    integrity sha512-ItUhSUxBBdNamkT3KzIZwYNNRFKmkJrofvC2nWab3CPKhYBQ1f27XXh1PAPE27Psx58jeelPsxWB/+og+KEH0Q==
    dependencies:
      generic-names "^4.0.0"
      icss-replace-symbols "^1.1.0"
      lodash.camelcase "^4.3.0"
      postcss-modules-extract-imports "^3.0.0"
      postcss-modules-local-by-default "^4.0.0"
      postcss-modules-scope "^3.0.0"
      postcss-modules-values "^4.0.0"
      string-hash "^1.1.1"
  
  postcss-selector-parser@^6.0.2, postcss-selector-parser@^6.0.4:
    version "6.0.13"
    resolved "https://registry.npmjs.org/postcss-selector-parser/-/postcss-selector-parser-6.0.13.tgz"
    integrity sha512-EaV1Gl4mUEV4ddhDnv/xtj7sxwrwxdetHdWUGnT4VJQf+4d05v6lHYZr8N573k5Z0BViss7BDhfWtKS3+sfAqQ==
    dependencies:
      cssesc "^3.0.0"
      util-deprecate "^1.0.2"
  
  postcss-url@^10.1.3:
    version "10.1.3"
    resolved "https://registry.npmjs.org/postcss-url/-/postcss-url-10.1.3.tgz"
    integrity sha512-FUzyxfI5l2tKmXdYc6VTu3TWZsInayEKPbiyW+P6vmmIrrb4I6CGX0BFoewgYHLK+oIL5FECEK02REYRpBvUCw==
    dependencies:
      make-dir "~3.1.0"
      mime "~2.5.2"
      minimatch "~3.0.4"
      xxhashjs "~0.2.2"
  
  postcss-value-parser@^4.0.0, postcss-value-parser@^4.1.0, postcss-value-parser@^4.2.0:
    version "4.2.0"
    resolved "https://registry.npmjs.org/postcss-value-parser/-/postcss-value-parser-4.2.0.tgz"
    integrity sha512-1NNCs6uurfkVbeXG4S8JFT9t19m45ICnif8zWLd5oPSZ50QnwMfK+H3jv408d4jw/7Bttv5axS5IiHoLaVNHeQ==
  
  postcss@^8.0.0, postcss@^8.1.0, postcss@^8.3.11, postcss@^8.4:
    version "8.4.25"
    resolved "https://registry.npmjs.org/postcss/-/postcss-8.4.25.tgz"
    integrity sha512-7taJ/8t2av0Z+sQEvNzCkpDynl0tX3uJMCODi6nT3PfASC7dYCWV9aQ+uiCf+KBD4SEFcu+GvJdGdwzQ6OSjCw==
    dependencies:
      nanoid "^3.3.6"
      picocolors "^1.0.0"
      source-map-js "^1.0.2"
  
  posthtml-parser@^0.10.1:
    version "0.10.2"
    resolved "https://registry.npmjs.org/posthtml-parser/-/posthtml-parser-0.10.2.tgz"
    integrity sha512-PId6zZ/2lyJi9LiKfe+i2xv57oEjJgWbsHGGANwos5AvdQp98i6AtamAl8gzSVFGfQ43Glb5D614cvZf012VKg==
    dependencies:
      htmlparser2 "^7.1.1"
  
  posthtml-parser@^0.11.0:
    version "0.11.0"
    resolved "https://registry.npmjs.org/posthtml-parser/-/posthtml-parser-0.11.0.tgz"
    integrity sha512-QecJtfLekJbWVo/dMAA+OSwY79wpRmbqS5TeXvXSX+f0c6pW4/SE6inzZ2qkU7oAMCPqIDkZDvd/bQsSFUnKyw==
    dependencies:
      htmlparser2 "^7.1.1"
  
  posthtml-render@^3.0.0:
    version "3.0.0"
    resolved "https://registry.npmjs.org/posthtml-render/-/posthtml-render-3.0.0.tgz"
    integrity sha512-z+16RoxK3fUPgwaIgH9NGnK1HKY9XIDpydky5eQGgAFVXTCSezalv9U2jQuNV+Z9qV1fDWNzldcw4eK0SSbqKA==
    dependencies:
      is-json "^2.0.1"
  
  posthtml@^0.16.4, posthtml@^0.16.5:
    version "0.16.6"
    resolved "https://registry.npmjs.org/posthtml/-/posthtml-0.16.6.tgz"
    integrity sha512-JcEmHlyLK/o0uGAlj65vgg+7LIms0xKXe60lcDOTU7oVX/3LuEuLwrQpW3VJ7de5TaFKiW4kWkaIpJL42FEgxQ==
    dependencies:
      posthtml-parser "^0.11.0"
      posthtml-render "^3.0.0"
  
  react-error-overlay@6.0.9:
    version "6.0.9"
    resolved "https://registry.npmjs.org/react-error-overlay/-/react-error-overlay-6.0.9.tgz"
    integrity sha512-nQTTcUu+ATDbrSD1BZHr5kgSD4oF8OFjxun8uAaL8RwPBacGBNPf/yAuVVdx17N8XNzRDMrZ9XcKZHCjPW+9ew==
  
  react-refresh@^0.9.0:
    version "0.9.0"
    resolved "https://registry.npmjs.org/react-refresh/-/react-refresh-0.9.0.tgz"
    integrity sha512-Gvzk7OZpiqKSkxsQvO/mbTN1poglhmAV7gR/DdIrRrSMXraRQQlfikRJOr3Nb9GTMPC5kof948Zy6jJZIFtDvQ==
  
  read-cache@^1.0.0:
    version "1.0.0"
    resolved "https://registry.npmjs.org/read-cache/-/read-cache-1.0.0.tgz"
    integrity sha512-Owdv/Ft7IjOgm/i0xvNDZ1LrRANRfew4b2prF3OWMQLxLfu3bS8FVhCsrSCMK4lR56Y9ya+AThoTpDCTxCmpRA==
    dependencies:
      pify "^2.3.0"
  
  readdirp@~3.6.0:
    version "3.6.0"
    resolved "https://registry.npmjs.org/readdirp/-/readdirp-3.6.0.tgz"
    integrity sha512-hOS089on8RduqdbhvQ5Z37A0ESjsqz6qnRcffsMU3495FuTdqSm+7bhJ29JvIOsBDEEnan5DPu9t3To9VRlMzA==
    dependencies:
      picomatch "^2.2.1"
  
  regenerator-runtime@^0.13.7:
    version "0.13.11"
    resolved "https://registry.npmjs.org/regenerator-runtime/-/regenerator-runtime-0.13.11.tgz"
    integrity sha512-kY1AZVr2Ra+t+piVaJ4gxaFaReZVH40AKNo7UCX6W+dEwBo/2oZJzqfuN1qLq1oL45o56cPaTXELwrTh8Fpggg==
  
  resolve-from@^4.0.0:
    version "4.0.0"
    resolved "https://registry.npmjs.org/resolve-from/-/resolve-from-4.0.0.tgz"
    integrity sha512-pb/MYmXstAkysRFx8piNI1tGFNQIFA3vkE3Gq4EuA1dF6gHp/+vgZqsCGJapvy8N3Q+4o7FwvquPJcnZ7RYy4g==
  
  resolve@^1.1.7:
    version "1.22.2"
    resolved "https://registry.npmjs.org/resolve/-/resolve-1.22.2.tgz"
    integrity sha512-Sb+mjNHOULsBv818T40qSPeRiuWLyaGMa5ewydRLFimneixmVy2zdivRl+AF6jaYPC8ERxGDmFSiqui6SfPd+g==
    dependencies:
      is-core-module "^2.11.0"
      path-parse "^1.0.7"
      supports-preserve-symlinks-flag "^1.0.0"
  
  safe-buffer@^5.0.1:
    version "5.2.1"
    resolved "https://registry.npmjs.org/safe-buffer/-/safe-buffer-5.2.1.tgz"
    integrity sha512-rp3So07KcdmmKbGvgaNxQSJr7bGVSVk5S9Eq1F+ppbRo70+YeaDxkw5Dd8NPN+GD6bjnYm2VuPuCXmpuYvmCXQ==
  
  sass@^1.38.0:
    version "1.57.1"
    resolved "https://registry.npmjs.org/sass/-/sass-1.57.1.tgz"
    integrity sha512-O2+LwLS79op7GI0xZ8fqzF7X2m/m8WFfI02dHOdsK5R2ECeS5F62zrwg/relM1rjSLy7Vd/DiMNIvPrQGsA0jw==
    dependencies:
      chokidar ">=3.0.0 <4.0.0"
      immutable "^4.0.0"
      source-map-js ">=0.6.2 <2.0.0"
  
  semver@^5.7.1:
    version "5.7.1"
    resolved "https://registry.npmjs.org/semver/-/semver-5.7.1.tgz"
    integrity sha512-sauaDf/PZdVgrLTNYHRtpXa1iRiKcaebiKQ1BJdpQlWH2lCvexQdX55snPFyK7QzpudqbCI0qXFfOasHdyNDGQ==
  
  semver@^6.0.0:
    version "6.3.1"
    resolved "https://registry.npmjs.org/semver/-/semver-6.3.1.tgz"
    integrity sha512-BR7VvDCVHO+q2xBEWskxS6DJE1qRnb7DxzUrogb71CWoSficBxYsiAGd+Kl0mmq/MprG9yArRkyrQxTO6XjMzA==
  
  semver@^7.5.2:
    version "7.5.4"
    resolved "https://registry.npmjs.org/semver/-/semver-7.5.4.tgz"
    integrity sha512-1bCSESV6Pv+i21Hvpxp3Dx+pSD8lIPt8uVjRrxAUt/nbswYc+tK6Y2btiULjd4+fnq15PX+nqQDC7Oft7WkwcA==
    dependencies:
      lru-cache "^6.0.0"
  
  source-map-js@^1.0.1, source-map-js@^1.0.2, "source-map-js@>=0.6.2 <2.0.0":
    version "1.0.2"
    resolved "https://registry.npmjs.org/source-map-js/-/source-map-js-1.0.2.tgz"
    integrity sha512-R0XvVJ9WusLiqTCEiGCmICCMplcCkIwwR11mOSD9CR5u+IXYdiseeEuXCVAjS54zqwkLcPNnmU4OeJ6tUrWhDw==
  
  source-map@^0.6.1:
    version "0.6.1"
    resolved "https://registry.npmjs.org/source-map/-/source-map-0.6.1.tgz"
    integrity sha512-UjgapumWlbMhkBgzT7Ykc5YXUT46F0iKu8SGXq0bcwP5dz/h0Plj6enJqjz1Zbq2l5WaqYnrVbwWOWMyF3F47g==
  
  srcset@4, srcset@4.0.0:
    version "4.0.0"
    resolved "https://registry.npmjs.org/srcset/-/srcset-4.0.0.tgz"
    integrity sha512-wvLeHgcVHKO8Sc/H/5lkGreJQVeYMm9rlmt8PuR1xE31rIuXhuzznUUqAt8MqLhB3MqJdFzlNAfpcWnxiFUcPw==
  
  stable@^0.1.8:
    version "0.1.8"
    resolved "https://registry.npmjs.org/stable/-/stable-0.1.8.tgz"
    integrity sha512-ji9qxRnOVfcuLDySj9qzhGSEFVobyt1kIOSkj1qZzYLzq7Tos/oUUWvotUPQLlrsidqsK6tBH89Bc9kL5zHA6w==
  
  string-hash@^1.1.1:
    version "1.1.3"
    resolved "https://registry.npmjs.org/string-hash/-/string-hash-1.1.3.tgz"
    integrity sha512-kJUvRUFK49aub+a7T1nNE66EJbZBMnBgoC1UbCZ5n6bsZKBRga4KgBRTMn/pFkeCZSYtNeSyMxPDM0AXWELk2A==
  
  supports-color@^5.3.0:
    version "5.5.0"
    resolved "https://registry.npmjs.org/supports-color/-/supports-color-5.5.0.tgz"
    integrity sha512-QjVjwdXIt408MIiAqCX4oUKsgU2EqAGzs2Ppkm4aQYbjm+ZEWEcW4SfFNTr4uMNZma0ey4f5lgLrkB0aX0QMow==
    dependencies:
      has-flag "^3.0.0"
  
  supports-color@^7.1.0:
    version "7.2.0"
    resolved "https://registry.npmjs.org/supports-color/-/supports-color-7.2.0.tgz"
    integrity sha512-qpCAvRl9stuOHveKsn7HncJRvv501qIacKzQlO/+Lwxc9+0q2wLyv4Dfvt80/DPn2pqOBsJdDiogXGR9+OvwRw==
    dependencies:
      has-flag "^4.0.0"
  
  supports-preserve-symlinks-flag@^1.0.0:
    version "1.0.0"
    resolved "https://registry.npmjs.org/supports-preserve-symlinks-flag/-/supports-preserve-symlinks-flag-1.0.0.tgz"
    integrity sha512-ot0WnXS9fgdkgIcePe6RHNk1WA8+muPa6cSjeR3V8K27q9BB1rTE3R1p7Hv0z1ZyAc8s6Vvv8DIyWf681MAt0w==
  
  svgo@^2.4.0:
    version "2.8.0"
    resolved "https://registry.npmjs.org/svgo/-/svgo-2.8.0.tgz"
    integrity sha512-+N/Q9kV1+F+UeWYoSiULYo4xYSDQlTgb+ayMobAXPwMnLvop7oxKMo9OzIrX5x3eS4L4f2UHhc9axXwY8DpChg==
    dependencies:
      "@trysound/sax" "0.2.0"
      commander "^7.2.0"
      css-select "^4.1.3"
      css-tree "^1.1.3"
      csso "^4.2.0"
      picocolors "^1.0.0"
      stable "^0.1.8"
  
  svgo@^3.0.2:
    version "3.0.2"
    resolved "https://registry.npmjs.org/svgo/-/svgo-3.0.2.tgz"
    integrity sha512-Z706C1U2pb1+JGP48fbazf3KxHrWOsLme6Rv7imFBn5EnuanDW1GPaA/P1/dvObE670JDePC3mnj0k0B7P0jjQ==
    dependencies:
      "@trysound/sax" "0.2.0"
      commander "^7.2.0"
      css-select "^5.1.0"
      css-tree "^2.2.1"
      csso "^5.0.5"
      picocolors "^1.0.0"
  
  term-size@^2.2.1:
    version "2.2.1"
    resolved "https://registry.npmjs.org/term-size/-/term-size-2.2.1.tgz"
    integrity sha512-wK0Ri4fOGjv/XPy8SBHZChl8CM7uMc5VML7SqiQ0zG7+J5Vr+RMQDoHa2CNT6KHUnTGIXH34UDMkPzAUyapBZg==
  
  timsort@^0.3.0:
    version "0.3.0"
    resolved "https://registry.npmjs.org/timsort/-/timsort-0.3.0.tgz"
    integrity sha512-qsdtZH+vMoCARQtyod4imc2nIJwg9Cc7lPRrw9CzF8ZKR0khdr8+2nX80PBhET3tcyTtJDxAffGh2rXH4tyU8A==
  
  to-regex-range@^5.0.1:
    version "5.0.1"
    resolved "https://registry.npmjs.org/to-regex-range/-/to-regex-range-5.0.1.tgz"
    integrity sha512-65P7iz6X5yEr1cwcgvQxbbIw7Uk3gOy5dIdtZ4rDveLqhrdJP+Li/Hx6tyK0NEb+2GCyneCMJiGqrADCSNk8sQ==
    dependencies:
      is-number "^7.0.0"
  
  tslib@^2.4.0:
    version "2.6.0"
    resolved "https://registry.npmjs.org/tslib/-/tslib-2.6.0.tgz"
    integrity sha512-7At1WUettjcSRHXCyYtTselblcHl9PJFFVKiCAy/bY97+BPZXSQ2wbq0P9s8tK2G7dFQfNnlJnPAiArVBVBsfA==
  
  type-fest@^0.20.2:
    version "0.20.2"
    resolved "https://registry.npmjs.org/type-fest/-/type-fest-0.20.2.tgz"
    integrity sha512-Ne+eE4r0/iWnpAxD852z3A+N0Bt5RN//NjJwRd2VFHEmrywxf5vsZlh4R6lixl6B+wz/8d+maTSAkN1FIkI3LQ==
  
  typescript@^4.9.4:
    version "4.9.4"
    resolved "https://registry.npmjs.org/typescript/-/typescript-4.9.4.tgz"
    integrity sha512-Uz+dTXYzxXXbsFpM86Wh3dKCxrQqUcVMxwU54orwlJjOpO3ao8L7j5lH+dWfTwgCwIuM9GQ2kvVotzYJMXTBZg==
  
  update-browserslist-db@^1.0.9:
    version "1.0.10"
    resolved "https://registry.npmjs.org/update-browserslist-db/-/update-browserslist-db-1.0.10.tgz"
    integrity sha512-OztqDenkfFkbSG+tRxBeAnCVPckDBcvibKd35yDONx6OU8N7sqgwc7rCbkJ/WcYtVRZ4ba68d6byhC21GFh7sQ==
    dependencies:
      escalade "^3.1.1"
      picocolors "^1.0.0"
  
  util-deprecate@^1.0.2:
    version "1.0.2"
    resolved "https://registry.npmjs.org/util-deprecate/-/util-deprecate-1.0.2.tgz"
    integrity sha512-EPD5q1uXyFxJpCrLnCc1nHnq3gOa6DZBocAIiI2TaSCA7VCJ1UJDMagCzIkXNsUYfD1daK//LTEQ8xiIbrHtcw==
  
  utility-types@^3.10.0:
    version "3.10.0"
    resolved "https://registry.npmjs.org/utility-types/-/utility-types-3.10.0.tgz"
    integrity sha512-O11mqxmi7wMKCo6HKFt5AhO4BwY3VV68YU07tgxfz8zJTIxr4BpsezN49Ffwy9j3ZpwwJp4fkRwjRzq3uWE6Rg==
  
  weak-lru-cache@^1.2.2:
    version "1.2.2"
    resolved "https://registry.npmjs.org/weak-lru-cache/-/weak-lru-cache-1.2.2.tgz"
    integrity sha512-DEAoo25RfSYMuTGc9vPJzZcZullwIqRDSI9LOy+fkCJPi6hykCnfKaXTuPBDuXAUcqHXyOgFtHNp/kB2FjYHbw==
  
  xxhash-wasm@^0.4.2:
    version "0.4.2"
    resolved "https://registry.npmjs.org/xxhash-wasm/-/xxhash-wasm-0.4.2.tgz"
    integrity sha512-/eyHVRJQCirEkSZ1agRSCwriMhwlyUcFkXD5TPVSLP+IPzjsqMVzZwdoczLp1SoQU0R3dxz1RpIK+4YNQbCVOA==
  
  xxhashjs@~0.2.2:
    version "0.2.2"
    resolved "https://registry.npmjs.org/xxhashjs/-/xxhashjs-0.2.2.tgz"
    integrity sha512-AkTuIuVTET12tpsVIQo+ZU6f/qDmKuRUcjaqR+OIvm+aCBsZ95i7UVY5WJ9TMsSaZ0DA2WxoZ4acu0sPH+OKAw==
    dependencies:
      cuint "^0.2.2"
  
  yallist@^4.0.0:
    version "4.0.0"
    resolved "https://registry.npmjs.org/yallist/-/yallist-4.0.0.tgz"
    integrity sha512-3wdGidZyq5PB084XLES5TpOSRA3wjXAlIWMhum2kRcv/41Sn2emQ0dycQW4uZXLejwKvg6EsvbdlVL+FYEct7A==
  
  yarn@^1.22.19:
    version "1.22.19"
    resolved "https://registry.npmjs.org/yarn/-/yarn-1.22.19.tgz"
    integrity sha512-/0V5q0WbslqnwP91tirOvldvYISzaqhClxzyUKXYxs07yUILIs5jx/k6CFe8bvKSkds5w+eiOqta39Wk3WxdcQ==
